#
# A fatal error has been detected by the Java Runtime Environment:
#
#  EXCEPTION_ACCESS_VIOLATION (0xc0000005) at pc=0x00007ff801ca6687, pid=10904, tid=25828
#
# JRE version: OpenJDK Runtime Environment Temurin-25.0.2+10 (25.0.2+10) (build 25.0.2+10-LTS)
# Java VM: OpenJDK 64-Bit Server VM Temurin-25.0.2+10 (25.0.2+10-LTS, mixed mode, emulated-client, sharing, tiered, compressed oops, compressed class ptrs, g1 gc, windows-amd64)
# Problematic frame:
# V  [jvm.dll+0x406687]
#
# No core dump will be written. Minidumps are not enabled by default on client versions of Windows
#
# If you would like to submit a bug report, please visit:
#   https://github.com/adoptium/adoptium-support/issues
#

---------------  S U M M A R Y ------------

Command Line: -XX:+ShowCodeDetailsInExceptionMessages -agentlib:jdwp=transport=dt_socket,suspend=y,address=localhost:56610 -Dcom.sun.management.jmxremote -Dcom.sun.management.jmxremote.port=56608 -Dcom.sun.management.jmxremote.authenticate=false -Dcom.sun.management.jmxremote.ssl=false -Djava.rmi.server.hostname=localhost -Dspring.jmx.enabled=true -Dmanagement.endpoints.jmx.exposure.include=* -Dspring.application.admin.enabled=true -Dspring.output.ansi.enabled=always -XX:TieredStopAtLevel=1 -Dspring.boot.project.name=salon-work-pro -javaagent:C:\pleiades\2026-03\eclipse\configuration\org.eclipse.osgi\258\0\.cp\lib\javaagent-shaded.jar -Dfile.encoding=UTF-8 -Dstdout.encoding=UTF-8 -Dstderr.encoding=UTF-8 jp.co.nakagawa.salonworkpro.SalonWorkProApplication

Host: 11th Gen Intel(R) Core(TM) i7-1165G7 @ 2.80GHz, 8 cores, 15G,  Windows 11 , 64 bit Build 26100 (10.0.26100.8875)
Time: Thu Jul 23 12:37:58 2026 elapsed time: 7520.824343 seconds (0d 2h 5m 20s)

---------------  T H R E A D  ---------------

Current thread (0x000001cf3fd8bb70):  WorkerThread "GC Thread#1"    [id=25828, stack(0x0000006cb8700000,0x0000006cb8800000) (1024K)]

Stack: [0x0000006cb8700000,0x0000006cb8800000],  sp=0x0000006cb87fdde0,  free space=1015k
Native frames: (J=compiled Java code, j=interpreted, Vv=VM code, C=native code)
V  [jvm.dll+0x406687]  (no source info available)
V  [jvm.dll+0x3aa349]  (no source info available)
V  [jvm.dll+0x3a9dc5]  (no source info available)
V  [jvm.dll+0x48e4ad]  (no source info available)
V  [jvm.dll+0x996e76]  (no source info available)
V  [jvm.dll+0x9a1f26]  (no source info available)
V  [jvm.dll+0x406cd8]  (no source info available)
V  [jvm.dll+0x406b6a]  (no source info available)
V  [jvm.dll+0x40e4a4]  (no source info available)
V  [jvm.dll+0x40e7f8]  (no source info available)
V  [jvm.dll+0xa28f61]  (no source info available)
V  [jvm.dll+0x996b0d]  (no source info available)
V  [jvm.dll+0x7a71a5]  (no source info available)
C  [ucrtbase.dll+0x2cd30]  (no source info available)
C  [KERNEL32.DLL+0x2e957]  (no source info available)
C  [ntdll.dll+0xaad6c]  (no source info available)

JavaThread 0x000001cf425e4d20 (nid = 27636) was being processed
Java frames: (J=compiled Java code, j=interpreted, Vv=VM code)
j  java.lang.invoke.DirectMethodHandle$Holder.newInvokeSpecial(Ljava/lang/Object;Ljava/lang/Object;)Ljava/lang/Object;+16 java.base@25.0.2
J 3075 c1 java.lang.invoke.LambdaForm$MH+0x000000002b048000.invoke(Ljava/lang/Object;Ljava/lang/Object;)Ljava/lang/Object; java.base@25.0.2 (35 bytes) @ 0x000001cf305a4f04 [0x000001cf305a4e00+0x0000000000000104]
J 1028 c1 jdk.internal.reflect.DirectConstructorHandleAccessor.newInstance([Ljava/lang/Object;)Ljava/lang/Object; java.base@25.0.2 (130 bytes) @ 0x000001cf3029af4c [0x000001cf3029ab80+0x00000000000003cc]
J 1011 c1 java.lang.reflect.Constructor.newInstanceWithCaller([Ljava/lang/Object;ZLjava/lang/Class;)Ljava/lang/Object; java.base@25.0.2 (51 bytes) @ 0x000001cf30295e5c [0x000001cf30295d80+0x00000000000000dc]
J 3814 c1 org.springframework.beans.BeanUtils.instantiateClass(Ljava/lang/reflect/Constructor;[Ljava/lang/Object;)Ljava/lang/Object; (208 bytes) @ 0x000001cf306814fc [0x000001cf30681000+0x00000000000004fc]
j  org.springframework.beans.factory.support.SimpleInstantiationStrategy.instantiate(Lorg/springframework/beans/factory/support/RootBeanDefinition;Ljava/lang/String;Lorg/springframework/beans/factory/BeanFactory;Ljava/lang/reflect/Constructor;[Ljava/lang/Object;)Ljava/lang/Object;+11
j  org.springframework.beans.factory.support.ConstructorResolver.instantiate(Ljava/lang/String;Lorg/springframework/beans/factory/support/RootBeanDefinition;Ljava/lang/reflect/Constructor;[Ljava/lang/Object;)Ljava/lang/Object;+20
j  org.springframework.beans.factory.support.ConstructorResolver.autowireConstructor(Ljava/lang/String;Lorg/springframework/beans/factory/support/RootBeanDefinition;[Ljava/lang/reflect/Constructor;[Ljava/lang/Object;)Lorg/springframework/beans/BeanWrapper;+912
J 6938 c1 org.springframework.beans.factory.support.AbstractAutowireCapableBeanFactory.createBeanInstance(Ljava/lang/String;Lorg/springframework/beans/factory/support/RootBeanDefinition;[Ljava/lang/Object;)Lorg/springframework/beans/BeanWrapper; (245 bytes) @ 0x000001cf30a31674 [0x000001cf30a30f00+0x0000000000000774]
J 6937 c1 org.springframework.beans.factory.support.AbstractAutowireCapableBeanFactory.doCreateBean(Ljava/lang/String;Lorg/springframework/beans/factory/support/RootBeanDefinition;[Ljava/lang/Object;)Ljava/lang/Object; (465 bytes) @ 0x000001cf30a33aec [0x000001cf30a33940+0x00000000000001ac]
J 6936 c1 org.springframework.beans.factory.support.AbstractAutowireCapableBeanFactory.createBean(Ljava/lang/String;Lorg/springframework/beans/factory/support/RootBeanDefinition;[Ljava/lang/Object;)Ljava/lang/Object; (214 bytes) @ 0x000001cf30a2f7d4 [0x000001cf30a2f300+0x00000000000004d4]
J 6954 c1 org.springframework.beans.factory.support.AbstractBeanFactory$$Lambda+0x000000002b2b0d08.getObject()Ljava/lang/Object; (20 bytes) @ 0x000001cf30a3761c [0x000001cf30a37580+0x000000000000009c]
J 6952 c1 org.springframework.beans.factory.support.DefaultSingletonBeanRegistry.getSingleton(Ljava/lang/String;Lorg/springframework/beans/factory/ObjectFactory;)Ljava/lang/Object; (1299 bytes) @ 0x000001cf30a3af24 [0x000001cf30a39ca0+0x0000000000001284]
J 3561 c1 org.springframework.beans.factory.support.AbstractBeanFactory.doGetBean(Ljava/lang/String;Ljava/lang/Class;[Ljava/lang/Object;Z)Ljava/lang/Object; (791 bytes) @ 0x000001cf306355cc [0x000001cf30634f00+0x00000000000006cc]
J 8525 c1 org.springframework.beans.factory.support.DefaultListableBeanFactory.doResolveDependency(Lorg/springframework/beans/factory/config/DependencyDescriptor;Ljava/lang/String;Ljava/util/Set;Lorg/springframework/beans/TypeConverter;)Ljava/lang/Object; (683 bytes) @ 0x000001cf30ad7374 [0x000001cf30ad5600+0x0000000000001d74]
J 8511 c1 org.springframework.beans.factory.support.DefaultListableBeanFactory.resolveDependency(Lorg/springframework/beans/factory/config/DependencyDescriptor;Ljava/lang/String;Ljava/util/Set;Lorg/springframework/beans/TypeConverter;)Ljava/lang/Object; (119 bytes) @ 0x000001cf30adde5c [0x000001cf30addc80+0x00000000000001dc]
J 8531 c1 org.springframework.beans.factory.support.ConstructorResolver.resolveAutowiredArgument(Lorg/springframework/beans/factory/config/DependencyDescriptor;Ljava/lang/Class;Ljava/lang/String;Ljava/util/Set;Lorg/springframework/beans/TypeConverter;Z)Ljava/lang/Object; (117 bytes) @ 0x000001cf30ad4ebc [0x000001cf30ad4c80+0x000000000000023c]
J 9363 c1 org.springframework.beans.factory.support.ConstructorResolver.createArgumentArray(Ljava/lang/String;Lorg/springframework/beans/factory/support/RootBeanDefinition;Lorg/springframework/beans/factory/config/ConstructorArgumentValues;Lorg/springframework/beans/BeanWrapper;[Ljava/lang/Class;[Ljava/lang/String;Ljava/lang/reflect/Executable;ZZ)Lorg/springframework/beans/factory/support/ConstructorResolver$ArgumentsHolder; (533 bytes) @ 0x000001cf3020664c [0x000001cf30205720+0x0000000000000f2c]
j  org.springframework.beans.factory.support.ConstructorResolver.autowireConstructor(Ljava/lang/String;Lorg/springframework/beans/factory/support/RootBeanDefinition;[Ljava/lang/reflect/Constructor;[Ljava/lang/Object;)Lorg/springframework/beans/BeanWrapper;+533
J 6938 c1 org.springframework.beans.factory.support.AbstractAutowireCapableBeanFactory.createBeanInstance(Ljava/lang/String;Lorg/springframework/beans/factory/support/RootBeanDefinition;[Ljava/lang/Object;)Lorg/springframework/beans/BeanWrapper; (245 bytes) @ 0x000001cf30a31674 [0x000001cf30a30f00+0x0000000000000774]
J 6937 c1 org.springframework.beans.factory.support.AbstractAutowireCapableBeanFactory.doCreateBean(Ljava/lang/String;Lorg/springframework/beans/factory/support/RootBeanDefinition;[Ljava/lang/Object;)Ljava/lang/Object; (465 bytes) @ 0x000001cf30a33aec [0x000001cf30a33940+0x00000000000001ac]
J 6936 c1 org.springframework.beans.factory.support.AbstractAutowireCapableBeanFactory.createBean(Ljava/lang/String;Lorg/springframework/beans/factory/support/RootBeanDefinition;[Ljava/lang/Object;)Ljava/lang/Object; (214 bytes) @ 0x000001cf30a2f7d4 [0x000001cf30a2f300+0x00000000000004d4]
J 6954 c1 org.springframework.beans.factory.support.AbstractBeanFactory$$Lambda+0x000000002b2b0d08.getObject()Ljava/lang/Object; (20 bytes) @ 0x000001cf30a3761c [0x000001cf30a37580+0x000000000000009c]
J 6952 c1 org.springframework.beans.factory.support.DefaultSingletonBeanRegistry.getSingleton(Ljava/lang/String;Lorg/springframework/beans/factory/ObjectFactory;)Ljava/lang/Object; (1299 bytes) @ 0x000001cf30a3af24 [0x000001cf30a39ca0+0x0000000000001284]
J 3561 c1 org.springframework.beans.factory.support.AbstractBeanFactory.doGetBean(Ljava/lang/String;Ljava/lang/Class;[Ljava/lang/Object;Z)Ljava/lang/Object; (791 bytes) @ 0x000001cf306355cc [0x000001cf30634f00+0x00000000000006cc]
J 7020 c1 org.springframework.beans.factory.support.DefaultListableBeanFactory.instantiateSingleton(Ljava/lang/String;)V (56 bytes) @ 0x000001cf30a4f53c [0x000001cf30a4f100+0x000000000000043c]
J 7019 c1 org.springframework.beans.factory.support.DefaultListableBeanFactory.preInstantiateSingleton(Ljava/lang/String;Lorg/springframework/beans/factory/support/RootBeanDefinition;)Ljava/util/concurrent/CompletableFuture; (183 bytes) @ 0x000001cf30a4fdc4 [0x000001cf30a4f980+0x0000000000000444]
j  org.springframework.beans.factory.support.DefaultListableBeanFactory.preInstantiateSingletons()V+130
j  org.springframework.context.support.AbstractApplicationContext.finishBeanFactoryInitialization(Lorg/springframework/beans/factory/config/ConfigurableListableBeanFactory;)V+290
j  org.springframework.context.support.AbstractApplicationContext.refresh()V+94
j  org.springframework.boot.web.server.servlet.context.ServletWebServerApplicationContext.refresh()V+1
j  org.springframework.boot.SpringApplication.refresh(Lorg/springframework/context/ConfigurableApplicationContext;)V+1
j  org.springframework.boot.SpringApplication.refreshContext(Lorg/springframework/context/ConfigurableApplicationContext;)V+19
j  org.springframework.boot.SpringApplication.run([Ljava/lang/String;)Lorg/springframework/context/ConfigurableApplicationContext;+113
j  org.springframework.boot.SpringApplication.run([Ljava/lang/Class;[Ljava/lang/String;)Lorg/springframework/context/ConfigurableApplicationContext;+9
j  org.springframework.boot.SpringApplication.run(Ljava/lang/Class;[Ljava/lang/String;)Lorg/springframework/context/ConfigurableApplicationContext;+9
j  jp.co.nakagawa.salonworkpro.SalonWorkProApplication.main([Ljava/lang/String;)V+3
j  java.lang.invoke.LambdaForm$DMH+0x000000002b047800.invokeStatic(Ljava/lang/Object;Ljava/lang/Object;)V+10 java.base@25.0.2
j  java.lang.invoke.LambdaForm$MH+0x000000002bd1c400.invoke(Ljava/lang/Object;Ljava/lang/Object;Ljava/lang/Object;)Ljava/lang/Object;+33 java.base@25.0.2
J 4863 c1 jdk.internal.reflect.DirectMethodHandleAccessor.invoke(Ljava/lang/Object;[Ljava/lang/Object;)Ljava/lang/Object; java.base@25.0.2 (92 bytes) @ 0x000001cf3052da14 [0x000001cf3052d680+0x0000000000000394]
J 4900 c1 java.lang.reflect.Method.invoke(Ljava/lang/Object;[Ljava/lang/Object;)Ljava/lang/Object; java.base@25.0.2 (108 bytes) @ 0x000001cf3045c1ec [0x000001cf3045c000+0x00000000000001ec]
j  org.springframework.boot.devtools.restart.RestartLauncher.run()V+47
v  ~StubRoutines::call_stub 0x000001cf2ff212ed

siginfo: EXCEPTION_ACCESS_VIOLATION (0xc0000005), reading address 0x000019cf2749a08e


Registers:
RAX=0x000001cf2749a091, RBX=0x0000006cb8efc1e8, RCX=0x0000000000000015, RDX=0x000001cf27450f70
RSP=0x0000006cb87fdde0, RBP=0x0000006cb87fdf10, RSI=0x000001cf3fc64d50, RDI=0x000001cf4246f778
R8 =0x000017fffffffffd, R9 =0x00007ff801b87d90, R10=0xfffffffffffffff7, R11=0x0000000000000000
R12=0x000000002a598848, R13=0x000001cf3a7dec20, R14=0x0000006cb87fe0b0, R15=0x0000000000000000
RIP=0x00007ff801ca6687, EFLAGS=0x0000000000010a07

XMM[0]=0x3b3b3b3b3b3b3b3b 0x3b3b3b3b3b3b3b3b
XMM[1]=0x0000000000000000 0x00000000000000ff
XMM[2]=0x0000000000000000 0x0000000000000000
XMM[3]=0x0000000000000000 0x40bd60d0506ead5c
XMM[4]=0x0000000000000000 0x0000000000000000
XMM[5]=0x0000000000000000 0x0000000000000000
XMM[6]=0x0000000000000000 0x0000000000000000
XMM[7]=0x0000000000000000 0x0000000000000000
XMM[8]=0x0000000000000000 0x0000000000000000
XMM[9]=0x0000000000000000 0x0000000000000000
XMM[10]=0x0000000000000000 0x0000000000000000
XMM[11]=0x0000000000000000 0x0000000000000000
XMM[12]=0x0000000000000000 0x0000000000000000
XMM[13]=0x0000000000000000 0x0000000000000000
XMM[14]=0x0000000000000000 0x0000000000000000
XMM[15]=0x0000000000000000 0x0000000000000000
  MXCSR=0x00001fa0


Register to memory mapping:

RAX=0x000001cf2749a091 points into unknown readable memory: 00 00 00 00 00 00 00
RBX=0x0000006cb8efc1e8 is pointing into the stack for thread: 0x000001cf425e4d20
RCX=0x0000000000000015 is an unknown value
RDX=0x000001cf27450f70 points into unknown readable memory: 0x00007ff80240fb40 | 40 fb 40 02 f8 7f 00 00
RSP=0x0000006cb87fdde0 points into unknown readable memory: 0x0000006cb87fdea0 | a0 de 7f b8 6c 00 00 00
RBP=0x0000006cb87fdf10 points into unknown readable memory: 0x0000006cb6bff798 | 98 f7 bf b6 6c 00 00 00
RSI=0x000001cf3fc64d50 points into unknown readable memory: 0x2f6a34676f6c0002 | 02 00 6c 6f 67 34 6a 2f
RDI=0x000001cf4246f778 points into unknown readable memory: 0x00007ff80241a810 | 10 a8 41 02 f8 7f 00 00
R8 =0x000017fffffffffd is an unknown value
R9 =0x00007ff801b87d90 jvm.dll
R10=0xfffffffffffffff7 is an unknown value
R11=0x0 is null
R12=0x000000002a598848 is pointing into metadata
R13=0x000001cf3a7dec20 points into unknown readable memory: 0x0000000000000000 | 00 00 00 00 00 00 00 00
R14=0x0000006cb87fe0b0 points into unknown readable memory: 0x0000006cb8efc1d8 | d8 c1 ef b8 6c 00 00 00
R15=0x0 is null

Top of Stack: (sp=0x0000006cb87fdde0)
0x0000006cb87fdde0:   0000006cb87fdea0 000001cf3fc64d50   ....l...PM.?....
0x0000006cb87fddf0:   000000002a4d0090 0000000000000000   ..M*............
0x0000006cb87fde00:   0000000000000002 00007ff801c4a349   ........I.......
0x0000006cb87fde10:   000001cf4246f778 000001cf4246f778   x.FB....x.FB....
0x0000006cb87fde20:   000000002a215588 0000000000000000   .U!*............
0x0000006cb87fde30:   0000001000000001 000000002a215588   .........U!*....
0x0000006cb87fde40:   000001cf3fd8bb70 0000000000000004   p..?............
0x0000006cb87fde50:   00000000000003d8 000001cf3a7dec38   ........8.}:....
0x0000006cb87fde60:   000001cf3a7df010 000000002a842ac0   ..}:.....*.*....
0x0000006cb87fde70:   000001cf000000b8 000000002a215588   .........U!*....
0x0000006cb87fde80:   00007ff80240e6d8 0000006cb87fe0b0   ..@.........l...
0x0000006cb87fde90:   000001cf4246f778 0000000400000003   x.FB............
0x0000006cb87fdea0:   000000002a598848 0000001300000001   H.Y*............
0x0000006cb87fdeb0:   0000000000000044 000000010000000c   D...............
0x0000006cb87fdec0:   000000002a4d0090 0000000000000000   ..M*............
0x0000006cb87fded0:   0000000400000002 0000ffff09e0ea00   ................
0x0000006cb87fdee0:   00007ff802240de0 000001cf4246f820   ..$..... .FB....
0x0000006cb87fdef0:   00000000000003d8 000001cf3a7df010   ..........}:....
0x0000006cb87fdf00:   000000002a190238 0000000000000006   8..*............
0x0000006cb87fdf10:   0000006cb6bff798 00007ff801ca673e   ....l...>g......
0x0000006cb87fdf20:   0000000000000000 0000000000000000   ................
0x0000006cb87fdf30:   0000000000000000 0000a93afec1a7c2   ............:...
0x0000006cb87fdf40:   000001cf4246f820 00000000000003d8    .FB............
0x0000006cb87fdf50:   000001cf3a7df010 000001cf4246f778   ..}:....x.FB....
0x0000006cb87fdf60:   0000000000000000 00007ff802240de0   ..........$.....
0x0000006cb87fdf70:   000001cf4246f778 00007ff801c49dc5   x.FB............
0x0000006cb87fdf80:   0000006cb87fdfe0 0000000000000000   ....l...........
0x0000006cb87fdf90:   0000006cb87fe0b0 000001cf4246f778   ....l...x.FB....
0x0000006cb87fdfa0:   000001cf425e4d20 00007ff802167e11    M^B.....~......
0x0000006cb87fdfb0:   0000006cb87fe0e8 0000006cb87fe0b0   ....l.......l...
0x0000006cb87fdfc0:   0000006cb87fe070 0000006cb87fe0b0   p...l.......l...
0x0000006cb87fdfd0:   000001cf00000000 0000006cb87fe0d0   ............l...

Instructions: (pc=0x00007ff801ca6687)
  0x00007ff801ca6587:   48 8b 17 0f b6 c2 24 07 3c 03 72 12 0f b6 c2 48
  0x00007ff801ca6597:   83 e2 fc c0 e8 02 a8 01 48 0f 45 d7 eb 22 48 8b
  0x00007ff801ca65a7:   4b 10 4c 8b c7 66 44 89 4c 24 40 4c 8b ca 48 8d
  0x00007ff801ca65b7:   54 24 40 44 88 54 24 42 e8 7c 0d ff ff 48 8b d0
  0x00007ff801ca65c7:   48 2b 15 e2 86 9f 00 8b 0d e4 86 9f 00 48 d3 ea
  0x00007ff801ca65d7:   89 16 eb 5b 3c fd 75 3b 41 8b 88 18 02 00 00 48
  0x00007ff801ca65e7:   8b d7 49 8b 80 10 02 00 00 48 d3 e0 8b 0d a7 1e
  0x00007ff801ca65f7:   a0 00 48 2b d0 48 d3 ea 8b c2 48 8d 0c 40 49 8b
  0x00007ff801ca6607:   80 60 06 00 00 80 7c 01 01 fd 75 14 c6 44 01 01
  0x00007ff801ca6617:   ff eb 0d 3c fc 75 09 48 8b 4b 10 e8 29 f1 ff ff
  0x00007ff801ca6627:   8b 53 18 4c 8b c7 48 8b 4b 28 e8 0a 91 fa ff 48
  0x00007ff801ca6637:   8b 4b 10 e8 a1 e5 fe ff 48 8b 7c 24 30 48 8b 5c
  0x00007ff801ca6647:   24 48 48 83 c4 20 5e c3 cc 48 89 5c 24 08 57 48
  0x00007ff801ca6657:   83 ec 20 4c 8b 12 48 8b da 48 8b f9 4d 85 d2 0f
  0x00007ff801ca6667:   84 d2 00 00 00 48 8b 51 08 49 8b c2 8b 8a 80 06
  0x00007ff801ca6677:   00 00 48 d3 e8 4c 8d 04 40 48 8b 82 70 06 00 00
=>0x00007ff801ca6687:   45 0f b7 0c 00 45 0f b6 5c 00 02 66 44 89 4c 24
  0x00007ff801ca6697:   38 0f b6 44 24 39 84 c0 78 48 49 8b 0a 0f b6 c1
  0x00007ff801ca66a7:   24 07 3c 03 72 15 0f b6 c1 48 83 e1 fc c0 e8 02
  0x00007ff801ca66b7:   a8 01 49 0f 45 ca 48 89 0b eb 73 66 44 89 4c 24
  0x00007ff801ca66c7:   40 48 8d 54 24 40 4c 8b c9 44 88 5c 24 42 48 8b
  0x00007ff801ca66d7:   4f 10 4d 8b c2 e8 5f 0c ff ff 48 8b c8 48 89 03
  0x00007ff801ca66e7:   eb 4c 3c fd 75 38 8b 8a 18 02 00 00 48 8b 82 10
  0x00007ff801ca66f7:   02 00 00 48 d3 e0 8b 0d 9d 1d a0 00 4c 2b d0 49
  0x00007ff801ca6707:   d3 ea 41 8b c2 48 8d 0c 40 48 8b 82 60 06 00 00
  0x00007ff801ca6717:   80 7c 01 01 fd 75 17 c6 44 01 01 ff eb 10 3c fc
  0x00007ff801ca6727:   75 0c 48 8b 4f 10 48 8b d3 e8 bb ef ff ff 48 8b
  0x00007ff801ca6737:   4f 10 e8 a2 e4 fe ff 48 8b 5c 24 30 48 83 c4 20
  0x00007ff801ca6747:   5f c3 cc cc cc cc cc cc cc 48 89 5c 24 08 57 48
  0x00007ff801ca6757:   83 ec 20 8b 02 48 8b fa 48 8b d9 85 c0 0f 84 ee
  0x00007ff801ca6767:   00 00 00 8b 0d 48 85 9f 00 44 8b c0 48 8b 53 08
  0x00007ff801ca6777:   49 d3 e0 4c 03 05 2f 85 9f 00 49 8b c0 8b 8a 80


Stack slot to memory mapping:

stack at sp + 0 slots: 0x0000006cb87fdea0 points into unknown readable memory: 0x000000002a598848 | 48 88 59 2a 00 00 00 00
stack at sp + 1 slots: 0x000001cf3fc64d50 points into unknown readable memory: 0x2f6a34676f6c0002 | 02 00 6c 6f 67 34 6a 2f
stack at sp + 2 slots: 0x000000002a4d0090 is pointing into metadata
stack at sp + 3 slots: 0x0 is null
stack at sp + 4 slots: 0x0000000000000002 is an unknown value
stack at sp + 5 slots: 0x00007ff801c4a349 jvm.dll
stack at sp + 6 slots: 0x000001cf4246f778 points into unknown readable memory: 0x00007ff80241a810 | 10 a8 41 02 f8 7f 00 00
stack at sp + 7 slots: 0x000001cf4246f778 points into unknown readable memory: 0x00007ff80241a810 | 10 a8 41 02 f8 7f 00 00


---------------  P R O C E S S  ---------------

Threads class SMR info:
_java_thread_list=0x000001cf41eb91f0, length=27, elements={
0x000001cf3a7c66b0, 0x000001cf3a7bf770, 0x000001cf3a7c3900, 0x000001cf3a7c7fe0,
0x000001cf3a7d2bc0, 0x000001cf3a7d3780, 0x000001cf3a7d45a0, 0x000001cf3ab59a20,
0x000001cf3ab61d70, 0x000001cf3ab62540, 0x000001cf3ab67570, 0x000001cf3f4ac5e0,
0x000001cf3fbb9f50, 0x000001cf3fb55c80, 0x000001cf3fb63550, 0x000001cf400a57e0,
0x000001cf400dc420, 0x000001cf41fdff60, 0x000001cf41fe5550, 0x000001cf41fe4d80,
0x000001cf400df300, 0x000001cf425e6490, 0x000001cf425e4d20, 0x000001cf425e5cc0,
0x000001cf425e35b0, 0x000001cf425e7c00, 0x000001cf425e9b40
}

Java Threads: ( => current thread )
  0x000001cf3a7c66b0 JavaThread "Reference Handler"          daemon [_thread_blocked, id=16516, stack(0x0000006cb7500000,0x0000006cb7600000) (1024K)]
  0x000001cf3a7bf770 JavaThread "Finalizer"                  daemon [_thread_blocked, id=25800, stack(0x0000006cb7600000,0x0000006cb7700000) (1024K)]
  0x000001cf3a7c3900 JavaThread "Signal Dispatcher"          daemon [_thread_blocked, id=17584, stack(0x0000006cb7700000,0x0000006cb7800000) (1024K)]
  0x000001cf3a7c7fe0 JavaThread "Attach Listener"            daemon [_thread_blocked, id=19764, stack(0x0000006cb7800000,0x0000006cb7900000) (1024K)]
  0x000001cf3a7d2bc0 JavaThread "Service Thread"             daemon [_thread_blocked, id=23124, stack(0x0000006cb7900000,0x0000006cb7a00000) (1024K)]
  0x000001cf3a7d3780 JavaThread "Monitor Deflation Thread"   daemon [_thread_blocked, id=15152, stack(0x0000006cb7a00000,0x0000006cb7b00000) (1024K)]
  0x000001cf3a7d45a0 JavaThread "C1 CompilerThread0"         daemon [_thread_blocked, id=13140, stack(0x0000006cb7b00000,0x0000006cb7c00000) (1024K)]
  0x000001cf3ab59a20 JavaThread "JDWP Transport Listener: dt_socket" daemon [_thread_blocked, id=28428, stack(0x0000006cb7e00000,0x0000006cb7f00000) (1024K)]
  0x000001cf3ab61d70 JavaThread "JDWP Event Helper Thread"   daemon [_thread_blocked, id=15192, stack(0x0000006cb7f00000,0x0000006cb8000000) (1024K)]
  0x000001cf3ab62540 JavaThread "JDWP Command Reader"        daemon [_thread_in_native, id=26012, stack(0x0000006cb8000000,0x0000006cb8100000) (1024K)]
  0x000001cf3ab67570 JavaThread "Common-Cleaner"             daemon [_thread_blocked, id=15968, stack(0x0000006cb8100000,0x0000006cb8200000) (1024K)]
  0x000001cf3f4ac5e0 JavaThread "Notification Thread"        daemon [_thread_blocked, id=10624, stack(0x0000006cb7d00000,0x0000006cb7e00000) (1024K)]
  0x000001cf3fbb9f50 JavaThread "RMI TCP Accept-0"           daemon [_thread_in_native, id=18840, stack(0x0000006cb8400000,0x0000006cb8500000) (1024K)]
  0x000001cf3fb55c80 JavaThread "RMI TCP Accept-56608"       daemon [_thread_in_native, id=22332, stack(0x0000006cb8500000,0x0000006cb8600000) (1024K)]
  0x000001cf3fb63550 JavaThread "RMI TCP Accept-0"           daemon [_thread_in_native, id=16168, stack(0x0000006cb8600000,0x0000006cb8700000) (1024K)]
  0x000001cf400a57e0 JavaThread "RMI Scheduler(0)"           daemon [_thread_blocked, id=6308, stack(0x0000006cb9200000,0x0000006cb9300000) (1024K)]
  0x000001cf400dc420 JavaThread "mysql-cj-abandoned-connection-cleanup" daemon [_thread_blocked, id=19920, stack(0x0000006cb9800000,0x0000006cb9900000) (1024K)]
  0x000001cf41fdff60 JavaThread "DestroyJavaVM"                     [_thread_blocked, id=18656, stack(0x0000006cb6d00000,0x0000006cb6e00000) (1024K)]
  0x000001cf41fe5550 JavaThread "RMI TCP Connection(idle)"   daemon [_thread_blocked, id=23284, stack(0x0000006cb6a00000,0x0000006cb6b00000) (1024K)]
  0x000001cf41fe4d80 JavaThread "JMX server connection timeout 76" daemon [_thread_blocked, id=4868, stack(0x0000006cb6b00000,0x0000006cb6c00000) (1024K)]
  0x000001cf400df300 JavaThread "Thread-9"                          [_thread_blocked, id=17348, stack(0x0000006cb9100000,0x0000006cb9200000) (1024K)]
  0x000001cf425e6490 JavaThread "File Watcher"               daemon [_thread_blocked, id=22560, stack(0x0000006cb8300000,0x0000006cb8400000) (1024K)]
  0x000001cf425e4d20 JavaThread "restartedMain"                     [_thread_blocked, id=27636, stack(0x0000006cb8e00000,0x0000006cb8f00000) (1024K)]
  0x000001cf425e5cc0 JavaThread "Catalina-utility-1"                [_thread_blocked, id=4076, stack(0x0000006cb8f00000,0x0000006cb9000000) (1024K)]
  0x000001cf425e35b0 JavaThread "Catalina-utility-2"                [_thread_blocked, id=21804, stack(0x0000006cb9000000,0x0000006cb9100000) (1024K)]
  0x000001cf425e7c00 JavaThread "container-1"                       [_thread_blocked, id=27620, stack(0x0000006cb9300000,0x0000006cb9400000) (1024K)]
  0x000001cf425e9b40 JavaThread "HikariPool-5:housekeeper"   daemon [_thread_blocked, id=7324, stack(0x0000006cb9400000,0x0000006cb9500000) (1024K)]
Total: 27

Other Threads:
  0x000001cf3a7ae400 VMThread "VM Thread"                           [id=23092, stack(0x0000006cb7400000,0x0000006cb7500000) (1024K)]
  0x000001cf3a7a14b0 WatcherThread "VM Periodic Task Thread"        [id=19736, stack(0x0000006cb7300000,0x0000006cb7400000) (1024K)]
  0x000001cf274a60b0 WorkerThread "GC Thread#0"                     [id=27172, stack(0x0000006cb6e00000,0x0000006cb6f00000) (1024K)]
=>0x000001cf3fd8bb70 WorkerThread "GC Thread#1"                     [id=25828, stack(0x0000006cb8700000,0x0000006cb8800000) (1024K)]
  0x000001cf3fd8bfa0 WorkerThread "GC Thread#2"                     [id=19340, stack(0x0000006cb8800000,0x0000006cb8900000) (1024K)]
  0x000001cf3fd8c3d0 WorkerThread "GC Thread#3"                     [id=1112, stack(0x0000006cb8900000,0x0000006cb8a00000) (1024K)]
  0x000001cf3fd8cc10 WorkerThread "GC Thread#4"                     [id=13696, stack(0x0000006cb8a00000,0x0000006cb8b00000) (1024K)]
  0x000001cf3fd8d040 WorkerThread "GC Thread#5"                     [id=21700, stack(0x0000006cb8b00000,0x0000006cb8c00000) (1024K)]
  0x000001cf3fdc21b0 WorkerThread "GC Thread#6"                     [id=9408, stack(0x0000006cb8c00000,0x0000006cb8d00000) (1024K)]
  0x000001cf3fdc25e0 WorkerThread "GC Thread#7"                     [id=28128, stack(0x0000006cb8d00000,0x0000006cb8e00000) (1024K)]
  0x000001cf274bea80 ConcurrentGCThread "G1 Main Marker"            [id=28668, stack(0x0000006cb6f00000,0x0000006cb7000000) (1024K)]
  0x000001cf274bf620 WorkerThread "G1 Conc#0"                       [id=28016, stack(0x0000006cb7000000,0x0000006cb7100000) (1024K)]
  0x000001cf3fe438d0 WorkerThread "G1 Conc#1"                       [id=14416, stack(0x0000006cb9500000,0x0000006cb9600000) (1024K)]
  0x000001cf3a663310 ConcurrentGCThread "G1 Refine#0"               [id=10784, stack(0x0000006cb7100000,0x0000006cb7200000) (1024K)]
  0x000001cf3a665e30 ConcurrentGCThread "G1 Service"                [id=13604, stack(0x0000006cb7200000,0x0000006cb7300000) (1024K)]
Total: 15

Threads with active compile tasks:
Total: 0

VM state: at safepoint (normal execution)

VM Mutex/Monitor currently owned by a thread:  ([mutex/lock_event])
[0x00007ff8026d63c8] Threads_lock - owner thread: 0x000001cf3a7ae400
[0x00007ff8026d6548] Heap_lock - owner thread: 0x000001cf425e6490

Heap address: 0x0000000704a00000, size: 4022 MB, Compressed Oops mode: Zero based, Oop shift amount: 3

CDS archive(s) mapped at: [0x000000002a000000-0x000000002add0000-0x000000002add0000), size 14483456, SharedBaseAddress: 0x000000002a000000, ArchiveRelocationMode: 1.
Compressed class space mapped at: 0x000000002b000000-0x000000006b000000, reserved size: 1073741824
UseCompressedClassPointers 1, UseCompactObjectHeaders 0
Narrow klass pointer bits 32, Max shift 3
Narrow klass base: 0x000000002a000000, Narrow klass shift: 0
Encoding Range: [0x000000002a000000 - 0x000000012a000000), (4294967296 bytes)
Klass Range:    [0x000000002a010000 - 0x000000006b000000), (1090453504 bytes)
Klass ID Range:  [65536 - 1090519033) (1090453497)
Protection zone: [0x000000002a000000 - 0x000000002a010000), (65536 bytes)

GC Precious Log:
 CardTable entry size: 512
 Card Set container configuration: InlinePtr #cards 4 size 8 Array Of Cards #cards 16 size 48 Howl #buckets 8 coarsen threshold 3686 Howl Bitmap #cards 512 size 80 coarsen threshold 460 Card regions per heap region 1 cards per card region 4096
 CPUs: 8 total, 8 available
 Memory: 16080M
 Large Page Support: Disabled
 NUMA Support: Disabled
 Compressed Oops: Enabled (Zero based)
 Heap Region Size: 2M
 Heap Min Capacity: 8M
 Heap Initial Capacity: 252M
 Heap Max Capacity: 4022M
 Pre-touch: Disabled
 Parallel Workers: 8
 Concurrent Workers: 2
 Concurrent Refinement Workers: 8
 Periodic GC: Disabled

Heap:
 garbage-first heap   total reserved 4118528K, committed 131072K, used 106510K [0x0000000704a00000, 0x0000000800000000)
  region size 2048K, 35 young (71680K), 4 survivors (8192K)

Heap Regions: E=young(eden), S=young(survivor), O=old, HS=humongous(starts), HC=humongous(continues), CS=collection set, F=free, TAMS=top-at-mark-start, PB=parsable bottom
|   0|0x0000000704a00000, 0x0000000704c00000, 0x0000000704c00000|100%| O|  |TAMS 0x0000000704a00000| PB 0x0000000704a00000| Untracked |  0
|   1|0x0000000704c00000, 0x0000000704dffff8, 0x0000000704e00000| 99%| O|  |TAMS 0x0000000704c00000| PB 0x0000000704c00000| Untracked |  0
|   2|0x0000000704e00000, 0x0000000704fffff8, 0x0000000705000000| 99%| O|  |TAMS 0x0000000704e00000| PB 0x0000000704e00000| Untracked |  0
|   3|0x0000000705000000, 0x00000007051fffe8, 0x0000000705200000| 99%| O|  |TAMS 0x0000000705000000| PB 0x0000000705000000| Untracked |  0
|   4|0x0000000705200000, 0x0000000705400000, 0x0000000705400000|100%| O|  |TAMS 0x0000000705200000| PB 0x0000000705200000| Untracked |  0
|   5|0x0000000705400000, 0x00000007055fffe8, 0x0000000705600000| 99%| O|  |TAMS 0x0000000705400000| PB 0x0000000705400000| Untracked |  0
|   6|0x0000000705600000, 0x00000007057fffc8, 0x0000000705800000| 99%| O|  |TAMS 0x0000000705600000| PB 0x0000000705600000| Untracked |  0
|   7|0x0000000705800000, 0x00000007059e7660, 0x0000000705a00000| 95%| O|  |TAMS 0x0000000705800000| PB 0x0000000705800000| Untracked |  0
|   8|0x0000000705a00000, 0x0000000705bfffd8, 0x0000000705c00000| 99%| O|  |TAMS 0x0000000705a00000| PB 0x0000000705a00000| Untracked |  0
|   9|0x0000000705c00000, 0x0000000705dfffa0, 0x0000000705e00000| 99%| O|  |TAMS 0x0000000705c00000| PB 0x0000000705c00000| Untracked |  0
|  10|0x0000000705e00000, 0x0000000705fffff0, 0x0000000706000000| 99%| O|  |TAMS 0x0000000705e00000| PB 0x0000000705e00000| Untracked |  0
|  11|0x0000000706000000, 0x00000007061fff90, 0x0000000706200000| 99%| O|  |TAMS 0x0000000706000000| PB 0x0000000706000000| Untracked |  0
|  12|0x0000000706200000, 0x00000007063fffe8, 0x0000000706400000| 99%| O|  |TAMS 0x0000000706200000| PB 0x0000000706200000| Untracked |  0
|  13|0x0000000706400000, 0x0000000706528528, 0x0000000706600000| 57%| O|  |TAMS 0x0000000706400000| PB 0x0000000706400000| Untracked |  0
|  14|0x0000000706600000, 0x00000007067fffb8, 0x0000000706800000| 99%| O|  |TAMS 0x0000000706600000| PB 0x0000000706600000| Untracked |  0
|  15|0x0000000706800000, 0x00000007069ffff0, 0x0000000706a00000| 99%| O|  |TAMS 0x0000000706800000| PB 0x0000000706800000| Untracked |  0
|  16|0x0000000706a00000, 0x0000000706b1bb78, 0x0000000706c00000| 55%| O|  |TAMS 0x0000000706a00000| PB 0x0000000706a00000| Untracked |  0
|  17|0x0000000706c00000, 0x0000000706d54e90, 0x0000000706e00000| 66%| O|  |TAMS 0x0000000706c00000| PB 0x0000000706c00000| Untracked |  0
|  18|0x0000000706e00000, 0x0000000707000000, 0x0000000707000000|100%| O|  |TAMS 0x0000000706e00000| PB 0x0000000706e00000| Untracked |  0
|  19|0x0000000707000000, 0x00000007070313d0, 0x0000000707200000|  9%| O|Cm|TAMS 0x0000000707000000| PB 0x0000000707000000| Complete |  0
|  20|0x0000000707200000, 0x000000070728b888, 0x0000000707400000| 27%| O|  |TAMS 0x0000000707200000| PB 0x0000000707200000| Untracked |  0
|  21|0x0000000707400000, 0x0000000707600000, 0x0000000707600000|100%| O|  |TAMS 0x0000000707400000| PB 0x0000000707400000| Untracked |  0
|  22|0x0000000707600000, 0x0000000707800000, 0x0000000707800000|100%| O|  |TAMS 0x0000000707600000| PB 0x0000000707600000| Untracked |  0
|  23|0x0000000707800000, 0x0000000707889100, 0x0000000707a00000| 26%| O|  |TAMS 0x0000000707800000| PB 0x0000000707800000| Untracked |  0
|  24|0x0000000707a00000, 0x0000000707a00000, 0x0000000707c00000|  0%| F|  |TAMS 0x0000000707a00000| PB 0x0000000707a00000| Untracked |  0
|  25|0x0000000707c00000, 0x0000000707dc6a50, 0x0000000707e00000| 88%| E|CS|TAMS 0x0000000707c00000| PB 0x0000000707c00000| Complete |  0
|  26|0x0000000707e00000, 0x0000000708000000, 0x0000000708000000|100%| E|CS|TAMS 0x0000000707e00000| PB 0x0000000707e00000| Complete |  0
|  27|0x0000000708000000, 0x0000000708200000, 0x0000000708200000|100%| E|CS|TAMS 0x0000000708000000| PB 0x0000000708000000| Complete |  0
|  28|0x0000000708200000, 0x0000000708400000, 0x0000000708400000|100%| E|CS|TAMS 0x0000000708200000| PB 0x0000000708200000| Complete |  0
|  29|0x0000000708400000, 0x000000070856de80, 0x0000000708600000| 71%| S|  |TAMS 0x0000000708400000| PB 0x0000000708400000| Complete |  0
|  30|0x0000000708600000, 0x0000000708800000, 0x0000000708800000|100%| S|  |TAMS 0x0000000708600000| PB 0x0000000708600000| Complete |  0
|  31|0x0000000708800000, 0x0000000708a00000, 0x0000000708a00000|100%| S|  |TAMS 0x0000000708800000| PB 0x0000000708800000| Complete |  0
|  32|0x0000000708a00000, 0x0000000708c00000, 0x0000000708c00000|100%| S|  |TAMS 0x0000000708a00000| PB 0x0000000708a00000| Complete |  0
|  33|0x0000000708c00000, 0x0000000708e00000, 0x0000000708e00000|100%| E|CS|TAMS 0x0000000708c00000| PB 0x0000000708c00000| Complete |  0
|  34|0x0000000708e00000, 0x0000000709000000, 0x0000000709000000|100%| E|CS|TAMS 0x0000000708e00000| PB 0x0000000708e00000| Complete |  0
|  35|0x0000000709000000, 0x0000000709200000, 0x0000000709200000|100%| E|CS|TAMS 0x0000000709000000| PB 0x0000000709000000| Complete |  0
|  36|0x0000000709200000, 0x0000000709400000, 0x0000000709400000|100%| E|CS|TAMS 0x0000000709200000| PB 0x0000000709200000| Complete |  0
|  37|0x0000000709400000, 0x0000000709600000, 0x0000000709600000|100%| E|CS|TAMS 0x0000000709400000| PB 0x0000000709400000| Complete |  0
|  38|0x0000000709600000, 0x0000000709800000, 0x0000000709800000|100%| E|CS|TAMS 0x0000000709600000| PB 0x0000000709600000| Complete |  0
|  39|0x0000000709800000, 0x0000000709a00000, 0x0000000709a00000|100%| E|CS|TAMS 0x0000000709800000| PB 0x0000000709800000| Complete |  0
|  40|0x0000000709a00000, 0x0000000709c00000, 0x0000000709c00000|100%| E|CS|TAMS 0x0000000709a00000| PB 0x0000000709a00000| Complete |  0
|  41|0x0000000709c00000, 0x0000000709e00000, 0x0000000709e00000|100%| E|CS|TAMS 0x0000000709c00000| PB 0x0000000709c00000| Complete |  0
|  42|0x0000000709e00000, 0x000000070a000000, 0x000000070a000000|100%| E|CS|TAMS 0x0000000709e00000| PB 0x0000000709e00000| Complete |  0
|  43|0x000000070a000000, 0x000000070a200000, 0x000000070a200000|100%| E|CS|TAMS 0x000000070a000000| PB 0x000000070a000000| Complete |  0
|  44|0x000000070a200000, 0x000000070a400000, 0x000000070a400000|100%| E|CS|TAMS 0x000000070a200000| PB 0x000000070a200000| Complete |  0
|  45|0x000000070a400000, 0x000000070a600000, 0x000000070a600000|100%| E|CS|TAMS 0x000000070a400000| PB 0x000000070a400000| Complete |  0
|  46|0x000000070a600000, 0x000000070a800000, 0x000000070a800000|100%| E|CS|TAMS 0x000000070a600000| PB 0x000000070a600000| Complete |  0
|  47|0x000000070a800000, 0x000000070aa00000, 0x000000070aa00000|100%| E|CS|TAMS 0x000000070a800000| PB 0x000000070a800000| Complete |  0
|  48|0x000000070aa00000, 0x000000070ac00000, 0x000000070ac00000|100%| E|CS|TAMS 0x000000070aa00000| PB 0x000000070aa00000| Complete |  0
|  49|0x000000070ac00000, 0x000000070ae00000, 0x000000070ae00000|100%| E|CS|TAMS 0x000000070ac00000| PB 0x000000070ac00000| Complete |  0
|  50|0x000000070ae00000, 0x000000070b000000, 0x000000070b000000|100%| E|CS|TAMS 0x000000070ae00000| PB 0x000000070ae00000| Complete |  0
|  51|0x000000070b000000, 0x000000070b200000, 0x000000070b200000|100%| E|CS|TAMS 0x000000070b000000| PB 0x000000070b000000| Complete |  0
|  52|0x000000070b200000, 0x000000070b400000, 0x000000070b400000|100%| E|CS|TAMS 0x000000070b200000| PB 0x000000070b200000| Complete |  0
| 107|0x0000000712000000, 0x0000000712200000, 0x0000000712200000|100%| E|CS|TAMS 0x0000000712000000| PB 0x0000000712000000| Complete |  0
| 108|0x0000000712200000, 0x0000000712400000, 0x0000000712400000|100%| E|CS|TAMS 0x0000000712200000| PB 0x0000000712200000| Complete |  0
| 109|0x0000000712400000, 0x0000000712600000, 0x0000000712600000|100%| E|CS|TAMS 0x0000000712400000| PB 0x0000000712400000| Complete |  0
| 110|0x0000000712600000, 0x0000000712800000, 0x0000000712800000|100%| E|CS|TAMS 0x0000000712600000| PB 0x0000000712600000| Complete |  0
| 111|0x0000000712800000, 0x0000000712a00000, 0x0000000712a00000|100%| E|CS|TAMS 0x0000000712800000| PB 0x0000000712800000| Complete |  0
| 112|0x0000000712a00000, 0x0000000712c00000, 0x0000000712c00000|100%| E|CS|TAMS 0x0000000712a00000| PB 0x0000000712a00000| Complete |  0
| 125|0x0000000714400000, 0x0000000714600000, 0x0000000714600000|100%| E|CS|TAMS 0x0000000714400000| PB 0x0000000714400000| Complete |  0
|2007|0x00000007ff800000, 0x00000007ffa00000, 0x00000007ffa00000|100%| E|CS|TAMS 0x00000007ff800000| PB 0x00000007ff800000| Complete |  0
|2008|0x00000007ffa00000, 0x00000007ffc00000, 0x00000007ffc00000|100%| E|CS|TAMS 0x00000007ffa00000| PB 0x00000007ffa00000| Complete |  0
|2009|0x00000007ffc00000, 0x00000007ffe00000, 0x00000007ffe00000|100%| E|CS|TAMS 0x00000007ffc00000| PB 0x00000007ffc00000| Complete |  0
|2010|0x00000007ffe00000, 0x0000000800000000, 0x0000000800000000|100%| E|CS|TAMS 0x00000007ffe00000| PB 0x00000007ffe00000| Complete |  0

Card table byte_map: [0x000001cf33920000,0x000001cf34100000] _byte_map_base: 0x000001cf300fb000

Marking Bits: (CMBitMap*) 0x000001cf274a6840
 Bits: [0x000001cf34100000, 0x000001cf37fd8000)

Polling page: 0x000001cf253b0000

Metaspace:
Metaspace        used 92850K, committed 93568K, reserved 1179648K
 class space     used 14029K, committed 14336K, reserved 1048576K

Usage:
  Non-class:     76.97 MB used.
      Class:     13.70 MB used.
       Both:     90.67 MB used.

Virtual space:
  Non-class space:      128.00 MB reserved,      77.38 MB ( 60%) committed,  2 nodes.
      Class space:        1.00 GB reserved,      14.00 MB (  1%) committed,  1 nodes.
             Both:        1.12 GB reserved,      91.38 MB (  8%) committed. 

Chunk freelists:
   Non-Class:  2.23 MB
       Class:  2.00 MB
        Both:  4.24 MB

MaxMetaspaceSize: unlimited
CompressedClassSpaceSize: 1.00 GB
Initial GC threshold: 21.00 MB
Current GC threshold: 151.81 MB
CDS: on
 - commit_granule_bytes: 65536.
 - commit_granule_words: 8192.
 - virtual_space_node_default_size: 8388608.
 - enlarge_chunks_in_place: 1.
UseCompressedClassPointers 1, UseCompactObjectHeaders 0
Narrow klass pointer bits 32, Max shift 3
Narrow klass base: 0x000000002a000000, Narrow klass shift: 0
Encoding Range: [0x000000002a000000 - 0x000000012a000000), (4294967296 bytes)
Klass Range:    [0x000000002a010000 - 0x000000006b000000), (1090453504 bytes)
Klass ID Range:  [65536 - 1090519033) (1090453497)
Protection zone: [0x000000002a000000 - 0x000000002a010000), (65536 bytes)


Internal statistics:

num_allocs_failed_limit: 14.
num_arena_births: 1102.
num_arena_deaths: 294.
num_vsnodes_births: 3.
num_vsnodes_deaths: 0.
num_space_committed: 1462.
num_space_uncommitted: 0.
num_chunks_returned_to_freelist: 314.
num_chunks_taken_from_freelist: 4366.
num_chunk_merges: 74.
num_chunk_splits: 3183.
num_chunks_enlarged: 2658.
num_inconsistent_stats: 0.

CodeCache: size=49152Kb used=11550Kb max_used=12756Kb free=37601Kb
 bounds [0x000001cf2ff20000, 0x000001cf30c30000, 0x000001cf32f20000]
 total_blobs=8680, nmethods=7862, adapters=741, full_count=0
Compilation: enabled, stopped_count=0, restarted_count=0

Compilation events (20 events):
Event: 7447.491 Thread 0x000001cf3fbd5bf0 nmethod 10677 0x000001cf30a6ec08 code [0x000001cf30a6ed00, 0x000001cf30a6f018]
Event: 7447.491 Thread 0x000001cf3a7d45a0 nmethod 10676 0x000001cf30a1b908 code [0x000001cf30a1ba00, 0x000001cf30a1bca8]
Event: 7447.491 Thread 0x000001cf3a7d45a0 10678       1       java.net.InetSocketAddress$InetSocketAddressHolder::<init> (20 bytes)
Event: 7447.491 Thread 0x000001cf3fbd5bf0 10679       1       java.net.InetAddress$InetAddressHolder::getHostName (5 bytes)
Event: 7447.491 Thread 0x000001cf3a7d45a0 nmethod 10678 0x000001cf30aca888 code [0x000001cf30aca980, 0x000001cf30acaaf0]
Event: 7447.491 Thread 0x000001cf3fbd5bf0 nmethod 10679 0x000001cf30acb008 code [0x000001cf30acb100, 0x000001cf30acb1c8]
Event: 7447.496 Thread 0x000001cf3a7d45a0 10680       1       sun.security.jca.GetInstance::getService (112 bytes)
Event: 7447.497 Thread 0x000001cf3a7d45a0 nmethod 10680 0x000001cf305de388 code [0x000001cf305de480, 0x000001cf305ded38]
Event: 7447.501 Thread 0x000001cf3fbd5bf0 10681       1       sun.security.rsa.RSAPublicKeyImpl::getPublicExponent (5 bytes)
Event: 7447.501 Thread 0x000001cf3fbd5bf0 nmethod 10681 0x000001cf30acc808 code [0x000001cf30acc900, 0x000001cf30acc9c8]
Event: 7447.503 Thread 0x000001cf3fbd5bf0 10682       1       sun.nio.cs.UTF_8$Encoder::encodeArrayLoopSlow (377 bytes)
Event: 7447.504 Thread 0x000001cf3fbd5bf0 nmethod 10682 0x000001cf3058a388 code [0x000001cf3058a480, 0x000001cf3058b0f8]
Event: 7467.824 Thread 0x000001cf3a7d45a0 10683       1       org.springframework.boot.devtools.filewatch.DirectorySnapshot::acceptChangedFile (23 bytes)
Event: 7467.824 Thread 0x000001cf3a7d45a0 nmethod 10683 0x000001cf30ade208 code [0x000001cf30ade300, 0x000001cf30ade438]
Event: 7471.791 Thread 0x000001cf3a7d45a0 10684   !   1       com.mysql.cj.jdbc.AbandonedConnectionCleanupThread::checkThreadContextClassLoader (20 bytes)
Event: 7471.792 Thread 0x000001cf3a7d45a0 nmethod 10684 0x000001cf305cb908 code [0x000001cf305cba00, 0x000001cf305cbcf8]
Event: 7479.408 Thread 0x000001cf3a7d45a0 10685       1       java.lang.Thread::onSpinWait (1 bytes)
Event: 7479.408 Thread 0x000001cf3a7d45a0 nmethod 10685 0x000001cf30ae6f08 code [0x000001cf30ae7000, 0x000001cf30ae70a0]
Event: 7506.997 Thread 0x000001cf3a7d45a0 10686       1       org.apache.catalina.core.StandardContext::getThreadBindingListener (5 bytes)
Event: 7506.997 Thread 0x000001cf3a7d45a0 nmethod 10686 0x000001cf30b7bf88 code [0x000001cf30b7c080, 0x000001cf30b7c150]

GC Heap Usage History (20 events):
Event: 14.493 {heap After GC invocations=21 (full 0):
 garbage-first heap   total reserved 4118528K, committed 131072K, used 42916K [0x0000000704a00000, 0x0000000800000000)
  region size 2048K, 2 young (4096K), 2 survivors (4096K)
}
Event: 14.952 {heap Before GC invocations=22 (full 0):
 garbage-first heap   total reserved 4118528K, committed 131072K, used 112548K [0x0000000704a00000, 0x0000000800000000)
  region size 2048K, 36 young (73728K), 2 survivors (4096K)
}
Event: 14.956 {heap After GC invocations=23 (full 0):
 garbage-first heap   total reserved 4118528K, committed 131072K, used 45135K [0x0000000704a00000, 0x0000000800000000)
  region size 2048K, 3 young (6144K), 3 survivors (6144K)
}
Event: 635.555 {heap Before GC invocations=23 (full 0):
 garbage-first heap   total reserved 4118528K, committed 131072K, used 114767K [0x0000000704a00000, 0x0000000800000000)
  region size 2048K, 37 young (75776K), 3 survivors (6144K)
}
Event: 635.580 {heap After GC invocations=24 (full 0):
 garbage-first heap   total reserved 4118528K, committed 131072K, used 46104K [0x0000000704a00000, 0x0000000800000000)
  region size 2048K, 4 young (8192K), 4 survivors (8192K)
}
Event: 758.584 {heap Before GC invocations=24 (full 0):
 garbage-first heap   total reserved 4118528K, committed 131072K, used 113688K [0x0000000704a00000, 0x0000000800000000)
  region size 2048K, 38 young (77824K), 4 survivors (8192K)
}
Event: 758.601 {heap After GC invocations=25 (full 0):
 garbage-first heap   total reserved 4118528K, committed 131072K, used 49421K [0x0000000704a00000, 0x0000000800000000)
  region size 2048K, 4 young (8192K), 4 survivors (8192K)
}
Event: 7392.740 {heap Before GC invocations=25 (full 0):
 garbage-first heap   total reserved 4118528K, committed 131072K, used 98573K [0x0000000704a00000, 0x0000000800000000)
  region size 2048K, 30 young (61440K), 4 survivors (8192K)
}
Event: 7392.777 {heap After GC invocations=26 (full 1):
 garbage-first heap   total reserved 4118528K, committed 131072K, used 34366K [0x0000000704a00000, 0x0000000800000000)
  region size 2048K, 0 young (0K), 0 survivors (0K)
}
Event: 7393.963 {heap Before GC invocations=26 (full 1):
 garbage-first heap   total reserved 4118528K, committed 131072K, used 110142K [0x0000000704a00000, 0x0000000800000000)
  region size 2048K, 38 young (77824K), 0 survivors (0K)
}
Event: 7393.969 {heap After GC invocations=27 (full 1):
 garbage-first heap   total reserved 4118528K, committed 131072K, used 44751K [0x0000000704a00000, 0x0000000800000000)
  region size 2048K, 5 young (10240K), 5 survivors (10240K)
}
Event: 7399.547 {heap Before GC invocations=28 (full 1):
 garbage-first heap   total reserved 4118528K, committed 131072K, used 61135K [0x0000000704a00000, 0x0000000800000000)
  region size 2048K, 14 young (28672K), 5 survivors (10240K)
}
Event: 7399.585 {heap After GC invocations=29 (full 2):
 garbage-first heap   total reserved 4118528K, committed 131072K, used 34587K [0x0000000704a00000, 0x0000000800000000)
  region size 2048K, 0 young (0K), 0 survivors (0K)
}
Event: 7400.154 {heap Before GC invocations=29 (full 2):
 garbage-first heap   total reserved 4118528K, committed 131072K, used 106267K [0x0000000704a00000, 0x0000000800000000)
  region size 2048K, 35 young (71680K), 0 survivors (0K)
}
Event: 7400.158 {heap After GC invocations=30 (full 2):
 garbage-first heap   total reserved 4118528K, committed 131072K, used 43000K [0x0000000704a00000, 0x0000000800000000)
  region size 2048K, 5 young (10240K), 5 survivors (10240K)
}
Event: 7438.686 {heap Before GC invocations=31 (full 2):
 garbage-first heap   total reserved 4118528K, committed 131072K, used 59384K [0x0000000704a00000, 0x0000000800000000)
  region size 2048K, 14 young (28672K), 5 survivors (10240K)
}
Event: 7438.723 {heap After GC invocations=32 (full 3):
 garbage-first heap   total reserved 4118528K, committed 131072K, used 35059K [0x0000000704a00000, 0x0000000800000000)
  region size 2048K, 0 young (0K), 0 survivors (0K)
}
Event: 7446.785 {heap Before GC invocations=32 (full 3):
 garbage-first heap   total reserved 4118528K, committed 131072K, used 104691K [0x0000000704a00000, 0x0000000800000000)
  region size 2048K, 35 young (71680K), 0 survivors (0K)
}
Event: 7446.789 {heap After GC invocations=33 (full 3):
 garbage-first heap   total reserved 4118528K, committed 131072K, used 43022K [0x0000000704a00000, 0x0000000800000000)
  region size 2048K, 4 young (8192K), 4 survivors (8192K)
}
Event: 7520.813 {heap Before GC invocations=34 (full 3):
 garbage-first heap   total reserved 4118528K, committed 131072K, used 106510K [0x0000000704a00000, 0x0000000800000000)
  region size 2048K, 35 young (71680K), 4 survivors (8192K)
}

Metaspace Usage History (20 events):
Event: 14.493 {metaspace After GC invocations=21 (full 0):
 Metaspace       used 75844K, committed 76352K, reserved 1114112K
  class space    used 11442K, committed 11648K, reserved 1048576K
}
Event: 14.952 {metaspace Before GC invocations=22 (full 0):
 Metaspace       used 80762K, committed 81280K, reserved 1179648K
  class space    used 12331K, committed 12544K, reserved 1048576K
}
Event: 14.956 {metaspace After GC invocations=23 (full 0):
 Metaspace       used 80762K, committed 81280K, reserved 1179648K
  class space    used 12331K, committed 12544K, reserved 1048576K
}
Event: 635.555 {metaspace Before GC invocations=23 (full 0):
 Metaspace       used 82848K, committed 83392K, reserved 1179648K
  class space    used 12648K, committed 12864K, reserved 1048576K
}
Event: 635.580 {metaspace After GC invocations=24 (full 0):
 Metaspace       used 82848K, committed 83392K, reserved 1179648K
  class space    used 12648K, committed 12864K, reserved 1048576K
}
Event: 758.584 {metaspace Before GC invocations=24 (full 0):
 Metaspace       used 88797K, committed 89344K, reserved 1179648K
  class space    used 13479K, committed 13696K, reserved 1048576K
}
Event: 758.601 {metaspace After GC invocations=25 (full 0):
 Metaspace       used 88797K, committed 89344K, reserved 1179648K
  class space    used 13479K, committed 13696K, reserved 1048576K
}
Event: 7392.740 {metaspace Before GC invocations=25 (full 0):
 Metaspace       used 91365K, committed 92032K, reserved 1179648K
  class space    used 13860K, committed 14144K, reserved 1048576K
}
Event: 7392.777 {metaspace After GC invocations=26 (full 1):
 Metaspace       used 91174K, committed 92032K, reserved 1179648K
  class space    used 13807K, committed 14144K, reserved 1048576K
}
Event: 7393.963 {metaspace Before GC invocations=26 (full 1):
 Metaspace       used 91691K, committed 92352K, reserved 1179648K
  class space    used 13887K, committed 14208K, reserved 1048576K
}
Event: 7393.969 {metaspace After GC invocations=27 (full 1):
 Metaspace       used 91691K, committed 92352K, reserved 1179648K
  class space    used 13887K, committed 14208K, reserved 1048576K
}
Event: 7399.547 {metaspace Before GC invocations=28 (full 1):
 Metaspace       used 91767K, committed 92480K, reserved 1179648K
  class space    used 13903K, committed 14208K, reserved 1048576K
}
Event: 7399.585 {metaspace After GC invocations=29 (full 2):
 Metaspace       used 91691K, committed 92480K, reserved 1179648K
  class space    used 13884K, committed 14208K, reserved 1048576K
}
Event: 7400.154 {metaspace Before GC invocations=29 (full 2):
 Metaspace       used 92045K, committed 92672K, reserved 1179648K
  class space    used 13923K, committed 14208K, reserved 1048576K
}
Event: 7400.158 {metaspace After GC invocations=30 (full 2):
 Metaspace       used 92045K, committed 92672K, reserved 1179648K
  class space    used 13923K, committed 14208K, reserved 1048576K
}
Event: 7438.686 {metaspace Before GC invocations=31 (full 2):
 Metaspace       used 92052K, committed 92736K, reserved 1179648K
  class space    used 13925K, committed 14208K, reserved 1048576K
}
Event: 7438.723 {metaspace After GC invocations=32 (full 3):
 Metaspace       used 92050K, committed 92736K, reserved 1179648K
  class space    used 13924K, committed 14208K, reserved 1048576K
}
Event: 7446.785 {metaspace Before GC invocations=32 (full 3):
 Metaspace       used 92508K, committed 93248K, reserved 1179648K
  class space    used 13994K, committed 14336K, reserved 1048576K
}
Event: 7446.789 {metaspace After GC invocations=33 (full 3):
 Metaspace       used 92508K, committed 93248K, reserved 1179648K
  class space    used 13994K, committed 14336K, reserved 1048576K
}
Event: 7520.813 {metaspace Before GC invocations=34 (full 3):
 Metaspace       used 92850K, committed 93568K, reserved 1179648K
  class space    used 14029K, committed 14336K, reserved 1048576K
}

Dll operation events (12 events):
Event: 0.259 Loaded shared library C:\pleiades\2026-03\java\25\bin\java.dll
Event: 0.442 Loaded shared library C:\pleiades\2026-03\java\25\bin\zip.dll
Event: 0.445 Loaded shared library C:\pleiades\2026-03\java\25\bin\instrument.dll
Event: 0.468 Loaded shared library C:\pleiades\2026-03\java\25\bin\net.dll
Event: 0.490 Loaded shared library C:\pleiades\2026-03\java\25\bin\nio.dll
Event: 0.552 Loaded shared library C:\pleiades\2026-03\java\25\bin\zip.dll
Event: 9.547 Loaded shared library C:\pleiades\2026-03\java\25\bin\jimage.dll
Event: 9.624 Loaded shared library C:\pleiades\2026-03\java\25\bin\management.dll
Event: 9.648 Loaded shared library C:\pleiades\2026-03\java\25\bin\management_ext.dll
Event: 9.873 Loaded shared library C:\pleiades\2026-03\java\25\bin\verify.dll
Event: 9.968 Loaded shared library C:\pleiades\2026-03\java\25\bin\extnet.dll
Event: 10.875 Loaded shared library C:\pleiades\2026-03\java\25\bin\sunmscapi.dll

Deoptimization events (20 events):
Event: 7447.172 Thread 0x000001cf425e4d20 DEOPT PACKING pc=0x000001cf30ace864 sp=0x0000006cb8efa5d0
Event: 7447.172 Thread 0x000001cf425e4d20 DEOPT UNPACKING pc=0x000001cf2ff712a2 sp=0x0000006cb8ef9a78 mode 1
Event: 7447.172 Thread 0x000001cf425e4d20 DEOPT PACKING pc=0x000001cf3052da14 sp=0x0000006cb8efa650
Event: 7447.172 Thread 0x000001cf425e4d20 DEOPT UNPACKING pc=0x000001cf2ff712a2 sp=0x0000006cb8ef9b50 mode 1
Event: 7447.172 Thread 0x000001cf425e4d20 DEOPT PACKING pc=0x000001cf3045c1ec sp=0x0000006cb8efa7f0
Event: 7447.172 Thread 0x000001cf425e4d20 DEOPT UNPACKING pc=0x000001cf2ff712a2 sp=0x0000006cb8ef9ce0 mode 1
Event: 7447.173 Thread 0x000001cf425e4d20 DEOPT PACKING pc=0x000001cf30ace864 sp=0x0000006cb8efa5d0
Event: 7447.173 Thread 0x000001cf425e4d20 DEOPT UNPACKING pc=0x000001cf2ff712a2 sp=0x0000006cb8ef9a78 mode 1
Event: 7447.173 Thread 0x000001cf425e4d20 DEOPT PACKING pc=0x000001cf3052da14 sp=0x0000006cb8efa650
Event: 7447.173 Thread 0x000001cf425e4d20 DEOPT UNPACKING pc=0x000001cf2ff712a2 sp=0x0000006cb8ef9b50 mode 1
Event: 7447.173 Thread 0x000001cf425e4d20 DEOPT PACKING pc=0x000001cf3045c1ec sp=0x0000006cb8efa7f0
Event: 7447.173 Thread 0x000001cf425e4d20 DEOPT UNPACKING pc=0x000001cf2ff712a2 sp=0x0000006cb8ef9ce0 mode 1
Event: 7447.173 Thread 0x000001cf425e4d20 DEOPT PACKING pc=0x000001cf30ace864 sp=0x0000006cb8efa5d0
Event: 7447.173 Thread 0x000001cf425e4d20 DEOPT UNPACKING pc=0x000001cf2ff712a2 sp=0x0000006cb8ef9a78 mode 1
Event: 7447.173 Thread 0x000001cf425e4d20 DEOPT PACKING pc=0x000001cf3052da14 sp=0x0000006cb8efa650
Event: 7447.173 Thread 0x000001cf425e4d20 DEOPT UNPACKING pc=0x000001cf2ff712a2 sp=0x0000006cb8ef9b50 mode 1
Event: 7447.173 Thread 0x000001cf425e4d20 DEOPT PACKING pc=0x000001cf3045c1ec sp=0x0000006cb8efa7f0
Event: 7447.173 Thread 0x000001cf425e4d20 DEOPT UNPACKING pc=0x000001cf2ff712a2 sp=0x0000006cb8ef9ce0 mode 1
Event: 7455.751 Thread 0x000001cf425e4d20 DEOPT PACKING pc=0x000001cf30427dd4 sp=0x0000006cb8efc1e0
Event: 7455.751 Thread 0x000001cf425e4d20 DEOPT UNPACKING pc=0x000001cf2ff712a2 sp=0x0000006cb8efb698 mode 0

Classes loaded (20 events):
Event: 3201.936 Loading class sun/net/ConnectionResetException
Event: 3201.936 Loading class sun/net/ConnectionResetException done
Event: 7344.198 Loading class java/rmi/server/UnicastRemoteObject
Event: 7344.198 Loading class java/rmi/server/UnicastRemoteObject done
Event: 7392.713 Loading class java/util/concurrent/locks/AbstractQueuedSynchronizer$SharedNode
Event: 7392.713 Loading class java/util/concurrent/locks/AbstractQueuedSynchronizer$SharedNode done
Event: 7392.735 Loading class java/util/WeakHashMap$KeyIterator
Event: 7392.735 Loading class java/util/WeakHashMap$KeyIterator done
Event: 7392.737 Loading class java/nio/file/FileVisitor
Event: 7392.737 Loading class java/nio/file/FileVisitor done
Event: 7392.737 Loading class java/nio/file/SimpleFileVisitor
Event: 7392.737 Loading class java/nio/file/SimpleFileVisitor done
Event: 7392.738 Loading class java/nio/file/Files$3
Event: 7392.738 Loading class java/nio/file/Files$3 done
Event: 7392.738 Loading class java/nio/file/FileVisitResult
Event: 7392.738 Loading class java/nio/file/FileVisitResult done
Event: 7392.777 Loading class java/lang/ref/Finalizer$1
Event: 7392.777 Loading class java/lang/ref/Finalizer$1 done
Event: 7393.131 Loading class java/time/DurationEditor
Event: 7393.131 Loading class java/time/DurationEditor done

Classes unloaded (20 events):
Event: 7399.559 Thread 0x000001cf3a7ae400 Unloading class 0x000000002bbb8800 'java/lang/invoke/LambdaForm$MH+0x000000002bbb8800'
Event: 7399.559 Thread 0x000001cf3a7ae400 Unloading class 0x000000002b54dc00 'java/lang/invoke/LambdaForm$MH+0x000000002b54dc00'
Event: 7399.559 Thread 0x000001cf3a7ae400 Unloading class 0x000000002b54d000 'java/lang/invoke/LambdaForm$MH+0x000000002b54d000'
Event: 7399.559 Thread 0x000001cf3a7ae400 Unloading class 0x000000002b54c800 'java/lang/invoke/LambdaForm$MH+0x000000002b54c800'
Event: 7399.559 Thread 0x000001cf3a7ae400 Unloading class 0x000000002b53a000 'java/lang/invoke/LambdaForm$MH+0x000000002b53a000'
Event: 7399.559 Thread 0x000001cf3a7ae400 Unloading class 0x000000002b539c00 'java/lang/invoke/LambdaForm$MH+0x000000002b539c00'
Event: 7399.559 Thread 0x000001cf3a7ae400 Unloading class 0x000000002b538800 'java/lang/invoke/LambdaForm$MH+0x000000002b538800'
Event: 7399.559 Thread 0x000001cf3a7ae400 Unloading class 0x000000002b52d800 'java/lang/invoke/LambdaForm$MH+0x000000002b52d800'
Event: 7399.559 Thread 0x000001cf3a7ae400 Unloading class 0x000000002b52c800 'java/lang/invoke/LambdaForm$MH+0x000000002b52c800'
Event: 7399.559 Thread 0x000001cf3a7ae400 Unloading class 0x000000002b4c9800 'java/lang/invoke/LambdaForm$MH+0x000000002b4c9800'
Event: 7399.559 Thread 0x000001cf3a7ae400 Unloading class 0x000000002b4c8c00 'java/lang/invoke/LambdaForm$MH+0x000000002b4c8c00'
Event: 7399.559 Thread 0x000001cf3a7ae400 Unloading class 0x000000002b4c1000 'java/lang/invoke/LambdaForm$MH+0x000000002b4c1000'
Event: 7399.559 Thread 0x000001cf3a7ae400 Unloading class 0x000000002b4c0800 'java/lang/invoke/LambdaForm$MH+0x000000002b4c0800'
Event: 7399.559 Thread 0x000001cf3a7ae400 Unloading class 0x000000002b4ac400 'java/lang/invoke/LambdaForm$MH+0x000000002b4ac400'
Event: 7399.559 Thread 0x000001cf3a7ae400 Unloading class 0x000000002b4a0c00 'java/lang/invoke/LambdaForm$MH+0x000000002b4a0c00'
Event: 7399.559 Thread 0x000001cf3a7ae400 Unloading class 0x000000002b480800 'java/lang/invoke/LambdaForm$MH+0x000000002b480800'
Event: 7399.559 Thread 0x000001cf3a7ae400 Unloading class 0x000000002b438800 'java/lang/invoke/LambdaForm$MH+0x000000002b438800'
Event: 7399.559 Thread 0x000001cf3a7ae400 Unloading class 0x000000002b18b400 'java/lang/invoke/LambdaForm$MH+0x000000002b18b400'
Event: 7399.559 Thread 0x000001cf3a7ae400 Unloading class 0x000000002b0c9c00 'java/lang/invoke/LambdaForm$MH+0x000000002b0c9c00'
Event: 7438.699 Thread 0x000001cf3a7ae400 Unloading class 0x000000002bddb000 'org/apache/catalina/loader/JdbcLeakPrevention'

Classes redefined (2 events):
Event: 7398.545 Thread 0x000001cf3a7ae400 redefined class name=jp.co.nakagawa.salonworkpro.service.SCR004S1, count=1
Event: 7398.545 Thread 0x000001cf3a7ae400 redefined class name=jp.co.nakagawa.salonworkpro.service.SCR004S1, count=1

Internal exceptions (20 events):
Event: 7439.017 Thread 0x000001cf41fe0f00 Exception <a 'java/io/IOException'{0x000000070a264058}> (0x000000070a264058) 
thrown [s\src\hotspot\share\prims\jni.cpp, line 516]
Event: 7439.017 Thread 0x000001cf41fe0f00 Exception <a 'java/io/IOException'{0x000000070a264ac0}> (0x000000070a264ac0) 
thrown [s\src\hotspot\share\prims\jni.cpp, line 516]
Event: 7439.017 Thread 0x000001cf41fe0f00 Exception <a 'java/io/IOException'{0x000000070a265588}> (0x000000070a265588) 
thrown [s\src\hotspot\share\prims\jni.cpp, line 516]
Event: 7439.025 Thread 0x000001cf41fe0f00 Exception <a 'java/io/FileNotFoundException'{0x000000070a354838}> (0x000000070a354838) 
thrown [s\src\hotspot\share\prims\jni.cpp, line 516]
Event: 7439.098 Thread 0x000001cf41fe0f00 Exception <a 'java/lang/NoClassDefFoundError'{0x0000000709deb468}: com/fasterxml/jackson/databind/ObjectMapper> (0x0000000709deb468) 
thrown [s\src\hotspot\share\oops\constantPool.cpp, line 1003]
Event: 7439.190 Thread 0x000001cf41fe0f00 Exception <a 'java/lang/NoClassDefFoundError'{0x0000000708e8f9f8}: List> (0x0000000708e8f9f8) 
thrown [s\src\hotspot\share\classfile\systemDictionary.cpp, line 316]
Event: 7439.195 Thread 0x000001cf425e7430 Exception <a 'java/io/IOException'{0x0000000708ee20b0}> (0x0000000708ee20b0) 
thrown [s\src\hotspot\share\prims\jni.cpp, line 516]
Event: 7439.195 Thread 0x000001cf425e7430 Exception <a 'java/io/IOException'{0x0000000708ee2ff0}> (0x0000000708ee2ff0) 
thrown [s\src\hotspot\share\prims\jni.cpp, line 516]
Event: 7439.229 Thread 0x000001cf425e7430 Exception <a 'java/net/SocketException'{0x0000000708ee50d8}: Connection reset by peer: shutdown> (0x0000000708ee50d8) 
thrown [s\src\hotspot\share\prims\jni.cpp, line 534]
Event: 7439.232 Thread 0x000001cf41fe3610 Exception <a 'java/lang/InterruptedException'{0x000000070a3976f8}: sleep interrupted> (0x000000070a3976f8) 
thrown [s\src\hotspot\share\prims\jvm.cpp, line 2904]
Event: 7446.739 Thread 0x000001cf425e4d20 Exception <a 'sun/nio/fs/WindowsException'{0x0000000708804440}> (0x0000000708804440) 
thrown [s\src\hotspot\share\prims\jni.cpp, line 516]
Event: 7446.971 Thread 0x000001cf425e4d20 Exception <a 'java/io/FileNotFoundException'{0x000000070aaa36c0}> (0x000000070aaa36c0) 
thrown [s\src\hotspot\share\prims\jni.cpp, line 516]
Event: 7446.981 Thread 0x000001cf425e4d20 Exception <a 'java/io/IOException'{0x000000070aba4de8}> (0x000000070aba4de8) 
thrown [s\src\hotspot\share\prims\jni.cpp, line 516]
Event: 7446.981 Thread 0x000001cf425e4d20 Exception <a 'java/io/IOException'{0x000000070aba5508}> (0x000000070aba5508) 
thrown [s\src\hotspot\share\prims\jni.cpp, line 516]
Event: 7446.981 Thread 0x000001cf425e4d20 Exception <a 'java/io/IOException'{0x000000070aba5c08}> (0x000000070aba5c08) 
thrown [s\src\hotspot\share\prims\jni.cpp, line 516]
Event: 7446.983 Thread 0x000001cf425e4d20 Exception <a 'java/io/IOException'{0x000000070aba8b90}> (0x000000070aba8b90) 
thrown [s\src\hotspot\share\prims\jni.cpp, line 516]
Event: 7446.983 Thread 0x000001cf425e4d20 Exception <a 'java/io/IOException'{0x000000070aba95f8}> (0x000000070aba95f8) 
thrown [s\src\hotspot\share\prims\jni.cpp, line 516]
Event: 7446.983 Thread 0x000001cf425e4d20 Exception <a 'java/io/IOException'{0x000000070abaa0c0}> (0x000000070abaa0c0) 
thrown [s\src\hotspot\share\prims\jni.cpp, line 516]
Event: 7446.991 Thread 0x000001cf425e4d20 Exception <a 'java/io/FileNotFoundException'{0x000000070a89a240}> (0x000000070a89a240) 
thrown [s\src\hotspot\share\prims\jni.cpp, line 516]
Event: 7447.069 Thread 0x000001cf425e4d20 Exception <a 'java/lang/NoClassDefFoundError'{0x000000070a368750}: com/fasterxml/jackson/databind/ObjectMapper> (0x000000070a368750) 
thrown [s\src\hotspot\share\oops\constantPool.cpp, line 1003]

VM Operations (20 events):
Event: 7400.195 Executing safepoint VM operation: G1PauseCleanup done
Event: 7438.686 Executing safepoint VM operation: G1CollectFull (System.gc())
Event: 7438.723 Executing safepoint VM operation: G1CollectFull (System.gc()) done
Event: 7446.785 Executing safepoint VM operation: G1CollectForAllocation (G1 Evacuation Pause)
Event: 7446.789 Executing safepoint VM operation: G1CollectForAllocation (G1 Evacuation Pause) done
Event: 7446.816 Executing safepoint VM operation: G1PauseRemark
Event: 7446.818 Executing safepoint VM operation: G1PauseRemark done
Event: 7446.826 Executing safepoint VM operation: G1PauseCleanup
Event: 7446.826 Executing safepoint VM operation: G1PauseCleanup done
Event: 7447.254 Executing non-safepoint VM operation: HandshakeAllThreads (HandshakeForDeflation)
Event: 7447.254 Executing non-safepoint VM operation: HandshakeAllThreads (HandshakeForDeflation) done
Event: 7447.254 Executing non-safepoint VM operation: RendezvousGCThreads
Event: 7447.254 Executing non-safepoint VM operation: RendezvousGCThreads done
Event: 7447.256 Executing safepoint VM operation: get/set locals
Event: 7447.256 Executing safepoint VM operation: get/set locals done
Event: 7455.751 Executing safepoint VM operation: ChangeSingleStep
Event: 7455.751 Executing safepoint VM operation: ChangeSingleStep done
Event: 7455.751 Executing safepoint VM operation: ChangeSingleStep
Event: 7455.751 Executing safepoint VM operation: ChangeSingleStep done
Event: 7520.813 Executing safepoint VM operation: G1CollectForAllocation (G1 Evacuation Pause)

Memory protections (0 events):
No events

Nmethod flushes (20 events):
Event: 7438.705 Thread 0x000001cf3a7ae400 flushing  nmethod 0x000001cf30a12788
Event: 7438.705 Thread 0x000001cf3a7ae400 flushing  nmethod 0x000001cf30a13908
Event: 7438.705 Thread 0x000001cf3a7ae400 flushing  nmethod 0x000001cf30a14008
Event: 7438.705 Thread 0x000001cf3a7ae400 flushing  nmethod 0x000001cf30a14308
Event: 7438.705 Thread 0x000001cf3a7ae400 flushing  nmethod 0x000001cf30a15d08
Event: 7438.705 Thread 0x000001cf3a7ae400 flushing  nmethod 0x000001cf30a24888
Event: 7438.705 Thread 0x000001cf3a7ae400 flushing  nmethod 0x000001cf30a26d08
Event: 7438.705 Thread 0x000001cf3a7ae400 flushing  nmethod 0x000001cf30a46c88
Event: 7438.705 Thread 0x000001cf3a7ae400 flushing  nmethod 0x000001cf30a48f88
Event: 7438.705 Thread 0x000001cf3a7ae400 flushing  nmethod 0x000001cf30a49588
Event: 7438.705 Thread 0x000001cf3a7ae400 flushing  nmethod 0x000001cf30a49e88
Event: 7438.705 Thread 0x000001cf3a7ae400 flushing  nmethod 0x000001cf30a4a188
Event: 7438.705 Thread 0x000001cf3a7ae400 flushing  nmethod 0x000001cf30a5d008
Event: 7438.705 Thread 0x000001cf3a7ae400 flushing  nmethod 0x000001cf30a5d308
Event: 7438.705 Thread 0x000001cf3a7ae400 flushing  nmethod 0x000001cf30a84e08
Event: 7438.705 Thread 0x000001cf3a7ae400 flushing  nmethod 0x000001cf30aba608
Event: 7438.705 Thread 0x000001cf3a7ae400 flushing  nmethod 0x000001cf30ac9f88
Event: 7438.705 Thread 0x000001cf3a7ae400 flushing  nmethod 0x000001cf30aca288
Event: 7438.705 Thread 0x000001cf3a7ae400 flushing  nmethod 0x000001cf30aca888
Event: 7438.705 Thread 0x000001cf3a7ae400 flushing  nmethod 0x000001cf30ae6f08

Events (20 events):
Event: 7439.229 Thread 0x000001cf425e4550 Thread exited: 0x000001cf425e4550
Event: 7439.229 Thread 0x000001cf425e7430 Thread exited: 0x000001cf425e7430
Event: 7439.232 Thread 0x000001cf41fe3610 Thread exited: 0x000001cf41fe3610
Event: 7439.232 Thread 0x000001cf41fe2e40 Thread exited: 0x000001cf41fe2e40
Event: 7439.232 Thread 0x000001cf41fe1ea0 Thread exited: 0x000001cf41fe1ea0
Event: 7439.257 Thread 0x000001cf41fe0f00 Thread exited: 0x000001cf41fe0f00
Event: 7439.257 Thread 0x000001cf400df300 Thread added: 0x000001cf425e6490
Event: 7444.255 Thread 0x000001cf3f63b240 Thread exited: 0x000001cf3f63b240
Event: 7444.255 Thread 0x000001cf3f63aa30 Thread exited: 0x000001cf3f63aa30
Event: 7446.732 Thread 0x000001cf400df300 Thread added: 0x000001cf425e4d20
Event: 7446.771 Thread 0x000001cf425e4d20 Thread added: 0x000001cf425e5cc0
Event: 7446.778 Thread 0x000001cf425e5cc0 Thread exited: 0x000001cf425e5cc0
Event: 7446.991 Thread 0x000001cf425e4d20 Thread added: 0x000001cf425e5cc0
Event: 7446.991 Thread 0x000001cf425e4d20 Thread added: 0x000001cf425e35b0
Event: 7446.991 Thread 0x000001cf425e4d20 Thread added: 0x000001cf425e7c00
Event: 7447.048 Thread 0x000001cf425e4d20 Thread added: 0x000001cf425e9b40
Event: 7447.049 Thread 0x000001cf3a7d45a0 Thread added: 0x000001cf3fbd5bf0
Event: 7447.150 Thread 0x000001cf425e9b40 Thread added: 0x000001cf425e9370
Event: 7452.503 Thread 0x000001cf3fbd5bf0 Thread exited: 0x000001cf3fbd5bf0
Event: 7452.534 Thread 0x000001cf425e9370 Thread exited: 0x000001cf425e9370


Dynamic libraries:
0x00007ff6d6580000 - 0x00007ff6d658e000 	C:\pleiades\2026-03\java\25\bin\javaw.exe
0x00007ff8daa00000 - 0x00007ff8dac66000 	C:\WINDOWS\SYSTEM32\ntdll.dll
0x00007ff8d99d0000 - 0x00007ff8d9a99000 	C:\WINDOWS\System32\KERNEL32.DLL
0x00007ff8d7ce0000 - 0x00007ff8d80de000 	C:\WINDOWS\System32\KERNELBASE.dll
0x00007ff8d85a0000 - 0x00007ff8d86ec000 	C:\WINDOWS\System32\ucrtbase.dll
0x00007ff8c3ae0000 - 0x00007ff8c3afe000 	C:\pleiades\2026-03\java\25\bin\VCRUNTIME140.dll
0x00007ff8b0ef0000 - 0x00007ff8b0f06000 	C:\pleiades\2026-03\java\25\bin\jli.dll
0x00007ff8d9800000 - 0x00007ff8d99c7000 	C:\WINDOWS\System32\USER32.dll
0x00007ff8bf420000 - 0x00007ff8bf6b2000 	C:\WINDOWS\WinSxS\amd64_microsoft.windows.common-controls_6595b64144ccf1df_6.0.26100.8894_none_3e0f749ee32e02ea\COMCTL32.dll
0x00007ff8da880000 - 0x00007ff8da929000 	C:\WINDOWS\System32\msvcrt.dll
0x00007ff8d8700000 - 0x00007ff8d8727000 	C:\WINDOWS\System32\win32u.dll
0x00007ff8d8810000 - 0x00007ff8d883b000 	C:\WINDOWS\System32\GDI32.dll
0x00007ff8d8470000 - 0x00007ff8d859a000 	C:\WINDOWS\System32\gdi32full.dll
0x00007ff8d8180000 - 0x00007ff8d8223000 	C:\WINDOWS\System32\msvcp_win.dll
0x00007ff8d9520000 - 0x00007ff8d9552000 	C:\WINDOWS\System32\IMM32.DLL
0x00007ff8c15d0000 - 0x00007ff8c15dc000 	C:\pleiades\2026-03\java\25\bin\vcruntime140_1.dll
0x00007ff8ac990000 - 0x00007ff8aca1d000 	C:\pleiades\2026-03\java\25\bin\msvcp140.dll
0x00007ff8018a0000 - 0x00007ff8027c6000 	C:\pleiades\2026-03\java\25\bin\server\jvm.dll
0x00007ff8d8730000 - 0x00007ff8d87e7000 	C:\WINDOWS\System32\ADVAPI32.dll
0x00007ff8da240000 - 0x00007ff8da2ea000 	C:\WINDOWS\System32\sechost.dll
0x00007ff8da680000 - 0x00007ff8da798000 	C:\WINDOWS\System32\RPCRT4.dll
0x00007ff8da2f0000 - 0x00007ff8da370000 	C:\WINDOWS\System32\WS2_32.dll
0x00007ff8d7a80000 - 0x00007ff8d7ade000 	C:\WINDOWS\SYSTEM32\POWRPROF.dll
0x00007ff8c3fb0000 - 0x00007ff8c3fbb000 	C:\WINDOWS\SYSTEM32\VERSION.dll
0x00007ff8cc490000 - 0x00007ff8cc4c6000 	C:\WINDOWS\SYSTEM32\WINMM.dll
0x00007ff8d7a60000 - 0x00007ff8d7a74000 	C:\WINDOWS\SYSTEM32\UMPDC.dll
0x00007ff8d6900000 - 0x00007ff8d691b000 	C:\WINDOWS\SYSTEM32\kernel.appcore.dll
0x00007ff8c1570000 - 0x00007ff8c157a000 	C:\pleiades\2026-03\java\25\bin\jimage.dll
0x00007ff8d5340000 - 0x00007ff8d5582000 	C:\WINDOWS\SYSTEM32\DBGHELP.DLL
0x00007ff8d8cd0000 - 0x00007ff8d9053000 	C:\WINDOWS\System32\combase.dll
0x00007ff8d9060000 - 0x00007ff8d9139000 	C:\WINDOWS\System32\OLEAUT32.dll
0x00007ff8b6740000 - 0x00007ff8b677b000 	C:\WINDOWS\SYSTEM32\dbgcore.DLL
0x00007ff8d83b0000 - 0x00007ff8d845c000 	C:\WINDOWS\System32\bcryptPrimitives.dll
0x00007ff8aca50000 - 0x00007ff8aca8d000 	C:\pleiades\2026-03\java\25\bin\jdwp.dll
0x00007ff8b9600000 - 0x00007ff8b960f000 	C:\pleiades\2026-03\java\25\bin\instrument.dll
0x00007ff8ac970000 - 0x00007ff8ac98e000 	C:\pleiades\2026-03\java\25\bin\java.dll
0x00007ff8d9660000 - 0x00007ff8d97f9000 	C:\WINDOWS\System32\ole32.dll
0x00007ff8d9aa0000 - 0x00007ff8da232000 	C:\WINDOWS\System32\SHELL32.dll
0x00007ff8d5690000 - 0x00007ff8d5f22000 	C:\WINDOWS\SYSTEM32\windows.storage.dll
0x00007ff8da380000 - 0x00007ff8da477000 	C:\WINDOWS\System32\SHCORE.dll
0x00007ff8da810000 - 0x00007ff8da877000 	C:\WINDOWS\System32\shlwapi.dll
0x00007ff8d7b40000 - 0x00007ff8d7b69000 	C:\WINDOWS\SYSTEM32\profapi.dll
0x00007ff8acab0000 - 0x00007ff8acabc000 	C:\pleiades\2026-03\java\25\bin\dt_socket.dll
0x00007ff8d62e0000 - 0x00007ff8d6313000 	C:\WINDOWS\SYSTEM32\IPHLPAPI.DLL
0x00007ff8d6eb0000 - 0x00007ff8d6f1c000 	C:\WINDOWS\system32\mswsock.dll
0x00007ff8d6380000 - 0x00007ff8d64d6000 	C:\WINDOWS\SYSTEM32\DNSAPI.dll
0x00007ff8d6c40000 - 0x00007ff8d6c4d000 	C:\WINDOWS\SYSTEM32\DSPARSE.dll
0x00007ff8d8800000 - 0x00007ff8d880a000 	C:\WINDOWS\System32\NSI.dll
0x00007ff8c4f60000 - 0x00007ff8c4f6b000 	C:\Windows\System32\rasadhlp.dll
0x00007ff8cdd50000 - 0x00007ff8cddd6000 	C:\WINDOWS\System32\fwpuclnt.dll
0x00007ff8a4210000 - 0x00007ff8a4227000 	C:\pleiades\2026-03\java\25\bin\zip.dll
0x00007ff8a40d0000 - 0x00007ff8a40e1000 	C:\pleiades\2026-03\java\25\bin\net.dll
0x00007ff8a38c0000 - 0x00007ff8a38d6000 	C:\pleiades\2026-03\java\25\bin\nio.dll
0x00007ff8aca40000 - 0x00007ff8aca4a000 	C:\pleiades\2026-03\java\25\bin\management.dll
0x00007ff8a52f0000 - 0x00007ff8a52fc000 	C:\pleiades\2026-03\java\25\bin\management_ext.dll
0x00007ff8d93b0000 - 0x00007ff8d93b8000 	C:\WINDOWS\System32\PSAPI.DLL
0x00007ff8c0e40000 - 0x00007ff8c0e58000 	C:\WINDOWS\system32\napinsp.dll
0x00007ff8c0e20000 - 0x00007ff8c0e33000 	C:\WINDOWS\System32\winrnr.dll
0x00007ff8c0df0000 - 0x00007ff8c0e12000 	C:\WINDOWS\system32\nlansp_c.dll
0x00007ff8c6070000 - 0x00007ff8c6086000 	C:\WINDOWS\system32\wshbth.dll
0x00007ff8a41d0000 - 0x00007ff8a41e0000 	C:\pleiades\2026-03\java\25\bin\verify.dll
0x00007ff8d71d0000 - 0x00007ff8d71eb000 	C:\WINDOWS\SYSTEM32\CRYPTSP.dll
0x00007ff8d6860000 - 0x00007ff8d6899000 	C:\WINDOWS\system32\rsaenh.dll
0x00007ff8d6f70000 - 0x00007ff8d6fa2000 	C:\WINDOWS\SYSTEM32\USERENV.dll
0x00007ff8d7b10000 - 0x00007ff8d7b3a000 	C:\WINDOWS\SYSTEM32\bcrypt.dll
0x00007ff8d71b0000 - 0x00007ff8d71bc000 	C:\WINDOWS\SYSTEM32\CRYPTBASE.dll
0x00007ff8a3c30000 - 0x00007ff8a3c39000 	C:\pleiades\2026-03\java\25\bin\extnet.dll
0x00007ff8a39a0000 - 0x00007ff8a39ae000 	C:\pleiades\2026-03\java\25\bin\sunmscapi.dll
0x00007ff8d8230000 - 0x00007ff8d83a8000 	C:\WINDOWS\System32\CRYPT32.dll
0x00007ff8d73f0000 - 0x00007ff8d7420000 	C:\WINDOWS\SYSTEM32\ncrypt.dll
0x00007ff8d73a0000 - 0x00007ff8d73df000 	C:\WINDOWS\SYSTEM32\NTASN1.dll
0x00007ff896970000 - 0x00007ff896978000 	C:\WINDOWS\system32\wshunix.dll

JVMTI agents:
jdwp path:C:\pleiades\2026-03\java\25\bin\jdwp.dll, loaded, initialized, options:transport=dt_socket,suspend=y,address=localhost:56610
C:\pleiades\2026-03\eclipse\configuration\org.eclipse.osgi\258\0\.cp\lib\javaagent-shaded.jar path:C:\pleiades\2026-03\java\25\bin\instrument.dll, loaded, initialized, instrumentlib options:none

dbghelp: loaded successfully - version: 4.0.5 - missing functions: none
symbol engine: initialized successfully - sym options: 0x614 - pdb path: .;C:\pleiades\2026-03\java\25\bin;C:\WINDOWS\SYSTEM32;C:\WINDOWS\WinSxS\amd64_microsoft.windows.common-controls_6595b64144ccf1df_6.0.26100.8894_none_3e0f749ee32e02ea;C:\pleiades\2026-03\java\25\bin\server

VM Arguments:
jvm_args: -XX:+ShowCodeDetailsInExceptionMessages -agentlib:jdwp=transport=dt_socket,suspend=y,address=localhost:56610 -Dcom.sun.management.jmxremote -Dcom.sun.management.jmxremote.port=56608 -Dcom.sun.management.jmxremote.authenticate=false -Dcom.sun.management.jmxremote.ssl=false -Djava.rmi.server.hostname=localhost -Dspring.jmx.enabled=true -Dmanagement.endpoints.jmx.exposure.include=* -Dspring.application.admin.enabled=true -Dspring.output.ansi.enabled=always -XX:TieredStopAtLevel=1 -Dspring.boot.project.name=salon-work-pro -javaagent:C:\pleiades\2026-03\eclipse\configuration\org.eclipse.osgi\258\0\.cp\lib\javaagent-shaded.jar -Dfile.encoding=UTF-8 -Dstdout.encoding=UTF-8 -Dstderr.encoding=UTF-8 
java_command: jp.co.nakagawa.salonworkpro.SalonWorkProApplication
java_class_path (initial): C:\pleiades\2026-03\workspace\salon-work-pro\target\classes;C:\Users\s_nak\.m2\repository\org\springframework\boot\spring-boot-starter-data-jpa\4.1.0\spring-boot-starter-data-jpa-4.1.0.jar;C:\Users\s_nak\.m2\repository\org\springframework\boot\spring-boot-starter\4.1.0\spring-boot-starter-4.1.0.jar;C:\Users\s_nak\.m2\repository\org\springframework\boot\spring-boot-starter-logging\4.1.0\spring-boot-starter-logging-4.1.0.jar;C:\Users\s_nak\.m2\repository\ch\qos\logback\logback-classic\1.5.34\logback-classic-1.5.34.jar;C:\Users\s_nak\.m2\repository\ch\qos\logback\logback-core\1.5.34\logback-core-1.5.34.jar;C:\Users\s_nak\.m2\repository\org\apache\logging\log4j\log4j-to-slf4j\2.25.4\log4j-to-slf4j-2.25.4.jar;C:\Users\s_nak\.m2\repository\org\apache\logging\log4j\log4j-api\2.25.4\log4j-api-2.25.4.jar;C:\Users\s_nak\.m2\repository\org\slf4j\jul-to-slf4j\2.0.18\jul-to-slf4j-2.0.18.jar;C:\Users\s_nak\.m2\repository\jakarta\annotation\jakarta.annotation-api\3.0.0\jakarta.annotation-api-3.0.0.jar;C:\Users\s_nak\.m2\repository\org\yaml\snakeyaml\2.6\snakeyaml-2.6.jar;C:\Users\s_nak\.m2\repository\org\springframework\boot\spring-boot-starter-jdbc\4.1.0\spring-boot-starter-jdbc-4.1.0.jar;C:\Users\s_nak\.m2\repository\com\zaxxer\HikariCP\7.0.2\HikariCP-7.0.2.jar;C:\Users\s_nak\.m2\repository\org\springframework\boot\spring-boot-data-jpa\4.1.0\spring-boot-data-jpa-4.1.0.jar;C:\Users\s_nak\.m2\repository\org\springframework\boot\spring-boot-data-commons\4.1.0\spring-boot-data-commons-4.1.0.jar;C:\Users\s_nak\.m2\repository\org\springframework\boot\spring-boot-persistence\4.1.0\spring-boot-persistence-4.1.0.jar;C:\Users\s_nak\.m2\repository\org\springframework\data\spring-data-commons\4.1.0\spring-data-commons-4.1.0.jar;C:\Users\s_nak\.m2\repository\org\springframework\boot\spring-boot-hibernate\4.1.0\spring-boot-hibernate-4.1.0.jar;C:\Users\s_nak\.m2\repository\org\springframework\boot\spring-boot-jpa\4.1.0\spring-boot-jpa-4.1.0.jar;C:\Users\s_nak\.m2\repository\jakarta\persistence\jakarta.persistence-api\3.2.0\jakarta.persistence-api-3.2.0.jar;C:\Users\s_nak\.m2\repository\org\hibernate\orm\hibernate-core\7.4.1.Final\hibernate-core-7.4.1.Final.jar;C:\Users\s_nak\.m2\repository\jakarta\transaction\jakarta.transaction-api\2.0.1\jakarta.transaction-api-2.0.1.jar;C:\Users\s_nak\.m2\repository\org\hibernate\models\hibernate-models\1.1.1\hibernate-models-1.1.1.jar;C:\Users\s_nak\.m2\repository\org\glassfish\jaxb\jaxb-runtime\4.0.9\jaxb-runtime-4.0.9.jar;C:\Users\s_nak\.m2\repository\org\glassfish\jaxb\jaxb-core\4.0.9\jaxb-core-4.0.9.jar;C:\Users\s_nak\.m2\repository\org\eclipse\angus\angus-activation\2.0.3\angus-activation-2.0.3.jar;C:\Users\s_nak\.m2\repository\org\glassfish\jaxb\txw2\4.0.9\txw2-4.0.9.jar;C:\Users\s_nak\.m2\repository\com\sun\istack\istack-commons-runtime\4.1.2\istack-commons-runtime-4.1.2.jar;C:\Users\s_nak\.m2\repository\jakarta\inject\jakarta.inject-api\2.0.1\jakarta.inject-api-2.0.1.jar;C:\Users\s_nak\.m2\repository\org\springframework\spring-orm\7.0.8\spring-orm-7.0.8.jar;C:\Users\s_nak\.m2\repository\org\springframework\data\spring-data-jpa\4.1.0\spring-data-jpa-4.1.0.jar;C:\Users\s_nak\.m2\repository\org\springframework\spring-tx\7.0.8\spring-tx-7.0.8.jar;C:\Users\s_nak\.m2\repository\org\antlr\antlr4-runtime\4.13.2\antlr4-runtime-4.13.2.jar;C:\Users\s_nak\.m2\repository\org\springframework\spring-aspects\7.0.8\spring-aspects-7.0.8.jar;C:\Users\s_nak\.m2\repository\org\aspectj\aspectjweaver\1.9.25.1\aspectjweaver-1.9.25.1.jar;C:\Users\s_nak\.m2\repository\org\springframework\boot\spring-boot-jdbc\4.1.0\spring-boot-jdbc-4.1.0.jar;C:\Users\s_nak\.m2\repository\org\springframework\boot\spring-boot-sql\4.1.0\spring-boot-sql-4.1.0.jar;C:\Users\s_nak\.m2\repository\org\springframework\boot\spring-boot-transaction\4.1.0\spring-boot-transaction-4.1.0.jar;C:\Users\s_nak\.m2\repository\org\springframework\spring-jdbc\7.0.8\spring-jdbc-7.0.8.jar;C:\Users\s_nak\.m2\repository\org\springframework\boot\spring-boot-starter-security\4.1.0\spring-boot-starter-security-4.1.0.jar;C:\Users\s_nak\.m2\repository\org\springframework\boot\spring-boot-security\4.1.0\spring-boot-security-4.1.0.jar;C:\Users\s_nak\.m2\repository\org\springframework\security\spring-security-config\7.1.0\spring-security-config-7.1.0.jar;C:\Users\s_nak\.m2\repository\org\springframework\security\spring-security-core\7.1.0\spring-security-core-7.1.0.jar;C:\Users\s_nak\.m2\repository\org\springframework\security\spring-security-crypto\7.1.0\spring-security-crypto-7.1.0.jar;C:\Users\s_nak\.m2\repository\org\springframework\security\spring-security-web\7.1.0\spring-security-web-7.1.0.jar;C:\Users\s_nak\.m2\repository\org\springframework\spring-expression\7.0.8\spring-expression-7.0.8.jar;C:\Users\s_nak\.m2\repository\org\springframework\spring-aop\7.0.8\spring-aop-7.0.8.jar;C:\Users\s_nak\.m2\repository\org\springframework\spring-beans\7.0.8\spring-beans-7.0.8.jar;C:\Users\s_nak\.m2\repository\org\springframework\spring-core\7.0.8\spring-core-7.0.8.jar;C:\Users\s_nak\.m2\repository\commons-logging\commons-logging\1.3.6\commons-logging-1.3.6.jar;C:\Users\s_nak\.m2\repository\org\jspecify\jspecify\1.0.0\jspecify-1.0.0.jar;C:\Users\s_nak\.m2\repository\org\springframework\boot\spring-boot-starter-thymeleaf\4.1.0\spring-boot-starter-thymeleaf-4.1.0.jar;C:\Users\s_nak\.m2\repository\org\springframework\boot\spring-boot-thymeleaf\4.1.0\spring-boot-thymeleaf-4.1.0.jar;C:\Users\s_nak\.m2\repository\org\springframework\spring-web\7.0.8\spring-web-7.0.8.jar;C:\Users\s_nak\.m2\repository\io\micrometer\micrometer-observation\1.17.0\micrometer-observation-1.17.0.jar;C:\Users\s_nak\.m2\repository\io\micrometer\micrometer-commons\1.17.0\micrometer-commons-1.17.0.jar;C:\Users\s_nak\.m2\repository\org\springframework\boot\spring-boot-starter-validation\4.1.0\spring-boot-starter-validation-4.1.0.jar;C:\Users\s_nak\.m2\repository\org\springframework\boot\spring-boot-validation\4.1.0\spring-boot-validation-4.1.0.jar;C:\Users\s_nak\.m2\repository\org\apache\tomcat\embed\tomcat-embed-el\11.0.22\tomcat-embed-el-11.0.22.jar;C:\Users\s_nak\.m2\repository\org\hibernate\validator\hibernate-validator\9.1.0.Final\hibernate-validator-9.1.0.Final.jar;C:\Users\s_nak\.m2\repository\jakarta\validation\jakarta.validation-api\3.1.1\jakarta.validation-api-3.1.1.jar;C:\Users\s_nak\.m2\repository\org\jboss\logging\jboss-logging\3.6.3.Final\jboss-logging-3.6.3.Final.jar;C:\Users\s_nak\.m2\repository\com\fasterxml\classmate\1.7.3\classmate-1.7.3.jar;C:\Users\s_nak\.m2\repository\org\springframework\boot\spring-boot-starter-webmvc\4.1.0\spring-boot-starter-webmvc-4.1.0.jar;C:\Users\s_nak\.m2\repository\org\springframework\boot\spring-boot-starter-jackson\4.1.0\spring-boot-starter-jackson-4.1.0.jar;C:\Users\s_nak\.m2\repository\org\springframework\boot\spring-boot-jackson\4.1.0\spring-boot-jackson-4.1.0.jar;C:\Users\s_nak\.m2\repository\tools\jackson\core\jackson-databind\3.1.4\jackson-databind-3.1.4.jar;C:\Users\s_nak\.m2\repository\com\fasterxml\jackson\core\jackson-annotations\2.21\jackson-annotations-2.21.jar;C:\Users\s_nak\.m2\repository\tools\jackson\core\jackson-core\3.1.4\jackson-core-3.1.4.jar;C:\Users\s_nak\.m2\repository\org\springframework\boot\spring-boot-starter-tomcat\4.1.0\spring-boot-starter-tomcat-4.1.0.jar;C:\Users\s_nak\.m2\repository\org\springframework\boot\spring-boot-starter-tomcat-runtime\4.1.0\spring-boot-starter-tomcat-runtime-4.1.0.jar;C:\Users\s_nak\.m2\repository\org\apache\tomcat\embed\tomcat-embed-core\11.0.22\tomcat-embed-core-11.0.22.jar;C:\Users\s_nak\.m2\repository\org\apache\tomcat\embed\tomcat-embed-websocket\11.0.22\tomcat-embed-websocket-11.0.22.jar;C:\Users\s_nak\.m2\repository\org\springframework\boot\spring-boot-tomcat\4.1.0\spring-boot-tomcat-4.1.0.jar;C:\Users\s_nak\.m2\repository\org\springframework\boot\spring-boot-http-converter\4.1.0\spring-boot-http-converter-4.1.0.jar;C:\Users\s_nak\.m2\repository\org\springframework\boot\spring-boot-webmvc\4.1.0\spring-boot-webmvc-4.1.0.jar;C:\Users\s_nak\.m2\repository\org\springframework\boot\spring-boot-servlet\4.1.0\spring-boot-servlet-4.1.0.jar;C:\Users\s_nak\.m2\repository\org\springframework\spring-webmvc\7.0.8\spring-webmvc-7.0.8.jar;C:\Users\s_nak\.m2\repository\org\thymeleaf\extras\thymeleaf-extras-springsecurity6\3.1.5.RELEASE\thymeleaf-extras-springsecurity6-3.1.5.RELEASE.jar;C:\Users\s_nak\.m2\repository\org\thymeleaf\thymeleaf-spring6\3.1.5.RELEASE\thymeleaf-spring6-3.1.5.RELEASE.jar;C:\Users\s_nak\.m2\repository\org\thymeleaf\thymeleaf\3.1.5.RELEASE\thymeleaf-3.1.5.RELEASE.jar;C:\Users\s_nak\.m2\repository\org\attoparser\attoparser\2.0.7.RELEASE\attoparser-2.0.7.RELEASE.jar;C:\Users\s_nak\.m2\repository\org\unbescape\unbescape\1.1.6.RELEASE\unbescape-1.1.6.RELEASE.jar;C:\Users\s_nak\.m2\repository\org\slf4j\slf4j-api\2.0.18\slf4j-api-2.0.18.jar;C:\Users\s_nak\.m2\repository\org\springframework\boot\spring-boot-devtools\4.1.0\spring-boot-devtools-4.1.0.jar;C:\Users\s_nak\.m2\repository\org\springframework\boot\spring-boot\4.1.0\spring-boot-4.1.0.jar;C:\Users\s_nak\.m2\repository\org\springframework\spring-context\7.0.8\spring-context-7.0.8.jar;C:\Users\s_nak\.m2\repository\org\springframework\boot\spring-boot-autoconfigure\4.1.0\spring-boot-autoconfigure-4.1.0.jar;C:\Users\s_nak\.m2\repository\com\mysql\mysql-connector-j\9.7.0\mysql-connector-j-9.7.0.jar;C:\Users\s_nak\.m2\repository\org\projectlombok\lombok\1.18.46\lombok-1.18.46.jar;C:\Users\s_nak\.m2\repository\jakarta\xml\bind\jakarta.xml.bind-api\4.0.5\jakarta.xml.bind-api-4.0.5.jar;C:\Users\s_nak\.m2\repository\jakarta\activation\jakarta.activation-api\2.1.4\jakarta.activation-api-2.1.4.jar;C:\Users\s_nak\.m2\repository\net\bytebuddy\byte-buddy\1.18.10\byte-buddy-1.18.10.jar;C:\Users\s_nak\.m2\repository\org\springframework\boot\spring-boot-web-server\4.1.0\spring-boot-web-server-4.1.0.jar
Launcher Type: SUN_STANDARD

[Global flags]
     intx CICompilerCount                          = 4                                         {product} {ergonomic}
     uint ConcGCThreads                            = 2                                         {product} {ergonomic}
     uint G1ConcRefinementThreads                  = 8                                         {product} {ergonomic}
   size_t G1HeapRegionSize                         = 2097152                                   {product} {ergonomic}
   size_t InitialHeapSize                          = 264241152                                 {product} {ergonomic}
     bool ManagementServer                         = true                                      {product} {command line}
   size_t MarkStackSize                            = 4194304                                   {product} {ergonomic}
   size_t MarkStackSizeMax                         = 536870912                                 {product} {ergonomic}
   size_t MaxHeapSize                              = 4217372672                                {product} {ergonomic}
   size_t MaxNewSize                               = 2529165312                                {product} {ergonomic}
   size_t MinHeapDeltaBytes                        = 2097152                                   {product} {ergonomic}
   size_t MinHeapSize                              = 8388608                                   {product} {ergonomic}
    uintx NonNMethodCodeHeapSize                   = 4096                                   {pd product} {ergonomic}
    uintx NonProfiledCodeHeapSize                  = 0                                      {pd product} {ergonomic}
     bool ProfileInterpreter                       = false                                  {pd product} {command line}
    uintx ProfiledCodeHeapSize                     = 0                                      {pd product} {ergonomic}
     bool ShowCodeDetailsInExceptionMessages       = true                                   {manageable} {command line}
   size_t SoftMaxHeapSize                          = 4217372672                             {manageable} {ergonomic}
     intx TieredStopAtLevel                        = 1                                         {product} {command line}
     bool UseCompressedOops                        = true                           {product lp64_product} {ergonomic}
     bool UseG1GC                                  = true                                      {product} {ergonomic}
     bool UseLargePagesIndividualAllocation        = false                                  {pd product} {ergonomic}

Logging:
Log output configuration:
 #0: stdout all=warning uptime,level,tags foldmultilines=false
 #1: stderr all=off uptime,level,tags foldmultilines=false

Release file:
IMPLEMENTOR="Eclipse Adoptium" 
IMPLEMENTOR_VERSION="Temurin-25.0.2+10" 
JAVA_RUNTIME_VERSION="25.0.2+10-LTS" 
JAVA_VERSION="25.0.2" 
JAVA_VERSION_DATE="2026-01-20" 
LIBC="default" 
MODULES="java.base java.compiler java.datatransfer java.xml java.prefs java.desktop java.instrument java.logging java.management java.security.sasl java.naming java.rmi java.management.rmi java.net.http java.scripting java.security.jgss java.transaction.xa java.sql java.sql.rowset java.xml.crypto java.se java.smartcardio jdk.accessibility jdk.internal.jvmstat jdk.attach jdk.charsets jdk.internal.opt jdk.zipfs jdk.compiler jdk.crypto.cryptoki jdk.crypto.ec jdk.crypto.mscapi jdk.dynalink jdk.internal.ed jdk.editpad jdk.internal.vm.ci jdk.graal.compiler jdk.graal.compiler.management jdk.hotspot.agent jdk.httpserver jdk.incubator.vector jdk.internal.le jdk.internal.md jdk.jartool jdk.javadoc jdk.jcmd jdk.management jdk.management.agent jdk.jconsole jdk.jdeps jdk.jdwp.agent jdk.jdi jdk.jfr jdk.jlink jdk.jpackage jdk.jshell jdk.jsobject jdk.jstatd jdk.localedata jdk.management.jfr jdk.naming.dns jdk.naming.rmi jdk.net jdk.nio.mapmode jdk.sctp jdk.security.auth jdk.security.jgss jdk.unsupported jdk.unsupported.desktop jdk.xml.dom" 
OS_ARCH="x86_64" 
OS_NAME="Windows" 
SOURCE=".:git:9e3c947043a4" 
BUILD_SOURCE="git:458965074606f027bd5afce2cfd5c1055dea0438"
BUILD_SOURCE_REPO="https://github.com/adoptium/temurin-build.git"
SOURCE_REPO="https://github.com/adoptium/jdk25u.git"
FULL_VERSION="25.0.2+10-LTS"
SEMANTIC_VERSION="25.0.2+10"
BUILD_INFO="OS: Windows Server 2022 Version: 10.0"
JVM_VARIANT="Hotspot"
JVM_VERSION="25.0.2+10-LTS"
IMAGE_TYPE="JDK"

Environment Variables:
PATH=C:/pleiades/2026-03/java/21/bin/server;C:/pleiades/2026-03/java/21/bin;C:\Program Files\Eclipse Adoptium\jdk-25.0.3.9-hotspot\bin;C:\WINDOWS\system32;C:\WINDOWS;C:\WINDOWS\System32\Wbem;C:\WINDOWS\System32\WindowsPowerShell\v1.0\;C:\WINDOWS\System32\OpenSSH\;C:\Program Files\Git\cmd;C:\Program Files\TortoiseGit\bin;C:\Users\s_nak\AppData\Local\Microsoft\WindowsApps;C:\pleiades\2026-03\eclipse;
USERNAME=s_nak
OS=Windows_NT
PROCESSOR_IDENTIFIER=Intel64 Family 6 Model 140 Stepping 1, GenuineIntel
TMP=C:\Users\s_nak\AppData\Local\Temp
TEMP=C:\Users\s_nak\AppData\Local\Temp




Compilation memory statistics disabled.

Periodic native trim disabled

---------------  S Y S T E M  ---------------

OS:
 Windows 11 , 64 bit Build 26100 (10.0.26100.8875)
OS uptime: 2 days 1:27 hours
Hyper-V role detected

CPU: total 8 (initial active 8) (4 cores per cpu, 2 threads per core) family 6 model 140 stepping 1 microcode 0x9a, cx8, cmov, fxsr, ht, mmx, 3dnowpref, sse, sse2, sse3, ssse3, sse4.1, sse4.2, popcnt, lzcnt, tsc, tscinvbit, avx, avx2, aes, erms, clmul, bmi1, bmi2, adx, avx512f, avx512dq, avx512cd, avx512bw, avx512vl, sha, fma, vzeroupper, avx512_vpopcntdq, avx512_vpclmulqdq, avx512_vaes, avx512_vnni, clflush, clflushopt, clwb, avx512_vbmi2, avx512_vbmi, hv, rdtscp, rdpid, fsrm, gfni, avx512_bitalg, f16c, cet_ibt, cet_ss, avx512_ifma
Processor Information for processor 0
  Max Mhz: 2803, Current Mhz: 1201, Mhz Limit: 2803
Processor Information for processor 1
  Max Mhz: 2803, Current Mhz: 2803, Mhz Limit: 2803
Processor Information for processor 2
  Max Mhz: 2803, Current Mhz: 1201, Mhz Limit: 2803
Processor Information for processor 3
  Max Mhz: 2803, Current Mhz: 1201, Mhz Limit: 2803
Processor Information for processor 4
  Max Mhz: 2803, Current Mhz: 2803, Mhz Limit: 2803
Processor Information for processor 5
  Max Mhz: 2803, Current Mhz: 2803, Mhz Limit: 2803
Processor Information for processor 6
  Max Mhz: 2803, Current Mhz: 2803, Mhz Limit: 2803
Processor Information for processor 7
  Max Mhz: 2803, Current Mhz: 2803, Mhz Limit: 2803

Memory: 4k page, system-wide physical 16080M (4003M free)
TotalPageFile size 25808M (AvailPageFile size 8528M)
current process WorkingSet (physical memory assigned to process): 327M, peak: 327M
current process commit charge ("private bytes"): 363M, peak: 381M

vm_info: OpenJDK 64-Bit Server VM (25.0.2+10-LTS) for windows-amd64 JRE (25.0.2+10-LTS), built on 2026-01-20T00:00:00Z with MS VC++ 17.12 (VS2022)

END.
